RPRPRPRSRSRSRSRSPSPSRRRRRRRRRPSS
RPRPRPRPRSRSRSRSPSPSRRRRPPSSSSSS
RPRSRSRSRSRSPSRRRRRRRRRRRRRRSSSS
RPRPRPRPRPRSRRRRRRRRRRRRRRRRPPPP
RPRPRPRPRSRSRSRSPSPSRRRRRRRRRPPS
RPRPRPRPRPRSRSPSRRRRRRRRRRRRRPPP
RPRPRPRSRRRRRRRRRRRRRRRRRRRRRPPP
RPRSPSPSPSPSPSPSPPPPPPPPPPSSSSSS
RPRPRPRPRPRSPSRRRRRRRRRRRRRRPPPP
RPRPRPRPRSRSRSRSPSPSRRRRRRRRRRPS
RPRPRSRSRSRSRSRSPSRRRRRRRRRSSSSS
RPRPRPRPRPRPRSRSRSPSPSRRPPPPPPSS
RPRPRPRPRPRPRSRSRSPSPSRRRPPPPPPS
RPRPRSRSRSPSRRRRRRRRRRRRRRRRRRRS
RPRPRPRSRRRRRRRRRRRRRRRRRRRRRRPP
RPRPRPRPRSRSRSRSPSPSRRRRRRRRRPPS
RPRSRSRSRSRSRSPSRRRRRRRRRRRRSSSS
RPRPRSRSRSPSRRRRRRRRRRRRRRRRRRRS
RPRPRPRPRSRRRRRRRRRRRRRRRRRRPPPP
RPRPRPRSRSPSRRRRRRRRRRRRRRRRRRPP
RPRPRPRSPSPSPSPSRPPPPSSSSSSSSSSS
RPRPRPRSRSRSPSRRRRRRRRRRRRRRRRPS
RPRPRPRPRSRSRSPSPSRRPPSSSSSSSSSS
RPRPRPRPRSPSRRRRRRRRRRRRRRRRRPPP
RPRPRPRPRSRSRSRSPSPSRRRPPSSSSSSS
RPRPRPRSRSRSRSRSPSRRRRRRRRRRPSSS
RPRPRPRPRSRSRSPSPSRRRPPSSSSSSSSS
RPRPRSPSPSPSPSPPPPSSSSSSSSSSSSSS
RPRPRSRSRSRSRSRSPSRRRRRRRRRSSSSS
RPRPRSRSRSRSPSRRRRRRRRRRRRRRRPSS
RPRPRPRSPSPSRPSSSSSSSSSSSSSSSSSS
RPRSRSRSRSPSRRRRRRRRRRRRRRRRRSSS
RPRPRSRSRSRSRSRSPSRRRRRRRRRPSSSS
RPRPRPRPRPRSRSRSRSRSPSPSRRRRPPSS
RPPSPPPPPPPPPPPPPPPPPPPPPPPPPPPP
RPRPRPRSPSRRRRRRRRRRRRRRRRRRRRPP
RPRSRSRRSSSSSSSSSSSSSSSSSSSSSSSS
RPRSPSPSPSPSPPPPSSSSSSSSSSSSSSSS
RPRPRPRSRSRSRSRSPSRRRRRRRRRPSSSS
RPRPRPRPRSPSRRRRRRRRRRRRRRRRRRPP
RPRPRPRPRPRPRPRSRSPSRRRRRRPPPPPP
RPRPRPRPRSRSPSPSPSPSPSRPPPPPSSSS
RPRPRPRPRPRPRSRRRRRRRRRRRRRPPPPP
RPRPRPRPRPRPRSRSRSPSPSRRPPPPPPPS
RPRPRSRSRSRSRSPSRRRRRRRRRRRRRSSS
RPRPRSRSRSPSRRRRRRRRRRRRRRRRRRSS
RPRSRSRSRSRSPSRRRRSSSSSSSSSSSSSS
RPRPRPRSRSPSRRRRRRRRRRRRRRRRRRPP
RPPSPSPPSSSSSSSSSSSSSSSSSSSSSSSS
RPRSRSRSRSPSRRRRRRRRRRRRRRRRRSSS
