RPRPRSRSRSRSRSPSRRRRRRRRRRRRRSSS
RPPSPSPSPSPSPSPPPPPPSSSSSSSSSSSS
RPRPRPRSPSRRRRRRRRRRRRRRRRRRRRRP
RPRPRSPSPSSSSSSSSSSSSSSSSSSSSSSS
RPRPRPRSRSPSRRRRRRRRRRRRRRRRRRRP
RPRPRPRSRSPSPSRPPSSSSSSSSSSSSSSS
RPRPRSRSPSRRRRRRRRRRRRRRRRRRRRRP
RPRPRPRPRPRSRSRSPSPSRRRRRRRRPPPS
RPRPRPRPRSRSRSRSPSPSRRRRRRRRPPSS
RPRPRPRPRSRSPSRRRRRRRRRRRRRRRPPP
RPPSPSPSPSPSPSPSPPPPPPPPPSSSSSSS
RPRPRSPSPSPSSSSSSSSSSSSSSSSSSSSS
RPRSRSRSRSRRRSSSSSSSSSSSSSSSSSSS
RPRPRPRPRPRSRSPSRRRRRRRRRRRRPPPP
RPRPRSPSRRRRRRRRRRRRRRRRRRRRRRRP
RPRPRPRPRPRSRSPSPSPSPSRRPPPPSSSS
RPRSRSRSRSRSRRRRRSSSSSSSSSSSSSSS
RPRPRPRPRPRPRSPSRRRRPPPPPPPPPPPP
RPRPRSPSPSPSPSPSPPPPPSSSSSSSSSSS
RPRPRSRSPSRRRRRRRRRRRRRRRRRRRRPS
RPRPRPRPRPRSRSPSRRRPPPPPPPPPPPPS
RPRPRPRSRSRSRSRSPSRRRRRRRRRPSSSS
RPRPRSRSRSRSRSPSRRRRRRRRRRRRSSSS
RPRPRPRPRPRPRSRRRRRPPPPPPPPPPPPP
RPRPRPRPRPRPRPRSPSRRRRRRRRRPPPPP
RPRPRSRSRSPSRRRRRRRRRRRRRRRRRRSS
RPRPRPRPRPRPRPRSRSPSRRRRRPPPPPPS
RPRPRPRPRPRSRRRRRRRRRRRRRRRPPPPP
RPRPRPRPRPRPRSRSRSPSPSRRPPPPPPPS
RPRPRPRPRSRSRSRSRSPSPSRRRRRPSSSS
RPRPRPRSRSRSRSRSRSPSRRRRRRRPSSSS
RPRPRPRSRSRSRSPSRRRRRRRRRRRRRPSS
RPRPRPRPRSRSRSPSPSRRPSSSSSSSSSSS
RPRPRSRSRSRSRSPSRRRRRRRRRRRRSSSS
RPRPRPRPRPRPRPRSRSPSRRRRRRPPPPPP
RPRPRPRSPSPSRPPPPPPPPPPPPPPPPPSS
RPRPRPRSPSPSPSPSPSRPPPPPPPPPSSSS
RPRPRPRPRPRSRRRRPPPPPPPPPPPPPPPP
RPRPRPRPRPRPRPRSRSPSRRRRRRRPPPPP
RPRPRSRSRSRSRSPSRRRRRRRRRRRRSSSS
RPRSRSRSRSRSRSRSRRRRRRRSSSSSSSSS
RPRPRPRPRPRPRSRRRRPPPPPPPPPPPPPP
RPRPRPRSRSRSRSPSRRRRRRRRRRRRPSSS
RPRPRSRSRSRSRSRSPSRRRRRRRRPSSSSS
RPRPRPRSRSRSPSRRRRRRRRRRRRRRRPPS
RPRSRSRSRSRSPSRRRRRRRRRRRRRRSSSS
RPRPRPRSRSRSRSRSRSPSRRRRRRPSSSSS
RPRSPSPSPSPSPSPPPPPPPPPPPPPPSSSS
RPRPRSRSRSRSRSRSPSRRRRRSSSSSSSSS
RPRPRPRPRPRSRSPSRRRRRRRRRRRRRPPP
