3000
1 9455 10 8965 600 9265 600 9541 600 9285 600 9314 600 9324 600 8541 590 8661 600 8813 600 8851 576
2 9051 381
3 9214 600 9306 600 9166 596
4 9015 255
5 8526 511 8834 600 8742 249
6 8283 580 8686 600 9563 600 8025 600 9077 302
7 8880 303 8976 61
8 9245 221 9091 180
9 6001 331 6487 600 7326 600 6814 600 5702 600 5718 600 6654 600 7991 600 6428 600 6475 600 7605 600 8018 600 5397 600 6064 96
10 9334 501 8756 600 8875 600 8521 600 9036 278
11 8787 14
12 9151 174
13 6651 580 6392 580 7065 600 6525 600 6278 590 6596 600 6377 235
14 8926 329 9144 600 9322 215
15 8514 136 8972 304
16 9322 385 9044 12
17 9379 128
18 8705 113 8551 238 8807 600 8623 600 8755 600 8438 550
19 6323 590 6580 600 5845 590 7148 600 6336 600 5882 600 7016 553
20 9580 600 6637 391 6594 90
21 9526 18
22 5152 590 5146 600 5145 65
23 6480 416 6691 600 5479 600 6501 600 6726 600 6128 600 6399 600 5728 600 5665 426
24 9000 85 9204 320
25 8995 320 9151 95
26 5955 600 5893 600 6115 66 5873 600 5913 600 6035 314
27 8230 600 8450 17
28 8677 270 8749 5
29 6025 600 6092 600 6093 600 6442 5 6143 600 6019 94
30 9177 513 8855 413 8609 38 8780 332
31 6265 212 6153 600 6244 600 5894 600 5659 277
32 107 590 163 580 170 590 113 600 184 590 131 600 208 600 132 600 123 600 223 590 171 600 5582 590 5966 223
33 8780 268 8597 467 8861 600 8865 65
34 6732 600 6406 335
35 8470 600 8464 600 8472 600 8404 600 8442 600 8358 559
36 8995 88
37 9078 36 9075 218
38 7526 120 7621 391
39 9390 336
40 9454 523 9651 600 9053 580 9422 600 9073 600 9116 379
41 7591 590 8550 600 8987 600 6623 600 6953 600 8349 600 7271 600 8096 600 8518 600 5713 600 6553 93
42 6121 140 6246 600 5655 36
43 9415 600 9171 418 9274 60
44 6520 580 7293 600 5542 600 7717 600 5809 600 5952 600 6559 485
45 9755 125
46 8818 582
47 8113 590 8437 600 8511 600 8666 600 8604 600 8192 181
48 8664 338
49 8027 580 8126 600 7054 580 7372 600 6943 600 7998 600 6452 600 6861 600 5561 421
50 8975 323 9225 600 9339 432
51 8748 372 9149 600 9148 154
52 6122 272 6141 600 6039 414
53 8777 357
54 8752 248 8852 600 8971 44
55 8701 328
56 7153 459
57 5918 124 5947 600 5778 600 5979 600 5828 408
58 9379 50
59 8769 199 8881 600 8598 600 9081 600 8289 600 8878 600 8586 600 8361 218
60 8978 492 9375 600 8758 600 8975 277
61 6155 264 6200 600 5841 217
62 2153 600 2407 590 2486 600 2069 349
63 6227 90
64 6087 11 6022 600 5938 600 5996 600 5590 600 6159 600 5925 600 6326 76
65 8983 287 9025 600 9087 267
66 5696 421
67 9220 388
68 9191 86 9217 146
69 5696 103
70 5183 600 5176 590 5186 600 5124 580 5126 600 5170 600 5123 364
71 9112 171
72 9206 600 9255 600 9078 473
73 5854 224 5774 600 6019 144
74 9928 105
75 9509 92
76 8493 309 8571 600 8557 600 8484 95
77 9124 600 9164 600 8689 600 8310 427
78 5811 232
79 8149 580 6829 590 8386 600 8471 600 6675 580 6586 600 8170 600 6492 525
80 8879 600 8787 495
81 8770 346 8600 584 8222 600 8691 600 8821 600 8771 600 8482 600 8792 600 8195 51
82 9638 81
83 9009 504 8849 600 9100 124
84 7824 600 7652 580 7908 600 7810 600 7563 600 7400 600 7309 600 7135 90
85 9274 540 9269 600 9065 600 8594 224
86 6010 403 5601 187
87 8967 419 8808 600 9359 600 9229 600 8948 97
88 6126 200 6139 600 6005 590 6258 600 6087 589
89 8977 219 8797 493
90 9387 9
91 2260 580 2359 600 2588 600 2276 375
92 6560 580 5450 600 6372 255
93 9576 223
94 6066 596 5878 159
95 9203 31
96 9094 101 8995 192
97 8948 503 9212 600 9507 600 8714 93 9179 600 9008 600 8503 20 9479 600 9167 600 9311 511
98 9750 8
99 9732 600 6924 389 9528 600 8262 600 8416 121
100 9196 293 9101 191
101 6107 600 6234 600 6115 534
102 7316 590 7671 600 7751 600 6250 600 6176 600 6831 128
103 8311 600 6625 600 6060 600 8278 600 5641 600 7216 600 7055 600 7246 529
104 6529 180
105 9204 280 8767 600 8810 474
106 8774 184
107 7983 580 6397 600 8279 600 8408 600 7204 302
108 6301 533 6302 600 6322 166
109 9094 275
110 6255 13
111 9343 230 9312 181
112 342 600 376 15
113 9750 101
114 4265 146 4365 241
115 7094 566 6703 600 9064 600 8937 600 6707 600 9120 600 9154 600 5765 25
116 5668 590 6124 600 6458 600 6973 600 6754 600 5545 600 5667 538
117 7621 209 7955 544
118 8554 70 5685 580 6496 122
119 9870 44
120 9593 19 8580 590 9350 600 5956 600 6967 600 8354 600 6307 600 5577 600 8286 600 9278 600 9416 600 6780 600 9042 600 9299 600 8904 53
121 8469 600 8239 80 8495 600 8309 600 8352 600 8351 600 8150 5
122 5643 513 6010 197
123 9047 339
124 5788 155 5553 584
125 2090 202 2366 600 2599 313 2529 431
126 8853 243 8711 600 9323 600 9291 600 8596 381
127 9677 590 8543 600 8907 600 9127 600 8466 600 9056 483
128 6260 115 6439 600 6018 600 6305 334
129 6131 590 6263 600 6363 600 5614 600 6030 295
130 9301 600 9534 600 6678 590 6731 600 9372 600 7499 600 6380 600 8391 600 9010 21
131 6505 8 6512 600 6566 49 6526 600 6588 600 9036 322 9417 174
132 6121 456
133 9150 580 5656 590 6076 600 6688 600 8906 600 6239 600 7968 600 8621 600 8631 600 5742 600 5909 600 6924 211
134 8641 600 8840 471
135 9519 568 8831 600 9510 600 8809 520
136 8594 376 9334 99
137 9545 600 9676 600 9466 125
138 7282 576 6371 600 6682 600 8049 600 8270 600 5851 600 6463 600 6772 600 6067 144
139 6014 600 6227 409
140 8290 580 7159 600 7847 600 8784 600 9518 600 6836 600 9049 600 6373 600 6571 321
141 5786 571 6181 600 6269 600 6253 600 6066 4
142 8136 600 6784 580 5901 590 5519 600 7265 600 7817 600 6222 600 6262 600 7811 600 5683 600 7008 260
143 9829 26
144 9601 64
145 7246 61 9380 600 6552 600 8155 44
146 8766 600 8833 210
147 5734 590 5922 600 5890 600 5654 102
148 9188 208 8774 387 8841 130
149 9094 224
150 8810 126 9440 600 8588 323
151 6041 600 5745 451 5861 600 6255 359
152 6272 600 6150 600 6238 600 6127 401
153 8980 109 8898 600 8690 85 8509 436
154 9311 89 9134 600 9270 600 8485 600 9282 600 9346 600 8882 600 8556 541
155 8345 599 8610 600 9250 600 8805 600 8415 600 8323 600 7765 580 9300 600 6838 600 6637 199
156 8536 580 9085 600 8129 590 8546 600 9294 600 8885 214
157 8891 152
158 7134 417 7955 56 7026 124
159 6078 170 5600 580 5908 600 5935 600 5649 600 5993 600 6063 117
160 6343 518 6339 600 6361 600 6350 79
161 6185 600 6242 600 6347 395 6442 595
162 9253 133
163 8923 600 8920 197
164 8115 151
165 8402 159 9297 600 5389 600 7234 600 8530 600 9634 600 5954 600 6547 600 6616 600 8110 600 9582 600 5783 597
166 9701 237
167 9617 600 9619 600 9602 600 9512 600 9548 600 8962 600 9062 600 9131 600 9046 600 9352 600 9366 168
168 9148 446 8585 600 8650 600 9488 600 8926 271
169 9262 232 9152 600 9345 346
170 8787 91 9043 600 9109 600 8981 600 8980 491
171 9015 319 8986 107
172 9277 354 9431 70
173 5957 580 6184 600 5982 306
174 5325 590 5324 600 5279 590 5286 18
175 9413 65
176 6876 600 7582 600 6914 600 6723 555
177 8800 84
178 8973 590 8910 600 7291 590 8365 600 5441 600 6312 600 8430 600 7703 600 8496 600 6001 259
179 2576 119 2567 600 2621 600 2599 287
180 6035 286 5767 474 5999 600 5859 600 5816 238
181 9022 600 8119 600 9369 600 5466 580 8570 600 7787 600 5730 600 6142 600 6549 600 7058 128
182 9430 600 8361 382 8639 600 8949 600 8681 600 9106 600 8284 600 9319 600 8656 348
183 7104 63
184 9448 590 9478 600 6473 600 8200 600 6957 600 8301 600 9632 600 5962 600 7505 600 7830 600 8905 600 5360 222
185 6101 600 6122 328
186 5642 580 6283 215
187 8779 600 8640 600 6375 590 8355 600 5532 600 7075 146
188 8703 459 8817 145
189 8741 600 8845 519
190 8763 600 8913 600 8941 600 8736 600 8608 600 8732 145
191 9701 363 9581 429 8353 600 8769 401
192 5765 565 6765 600 8011 600 6100 469
193 8788 225 8706 600 9155 600 8559 185
194 8885 376 8451 590 8985 53
195 6116 600 6479 192 6301 67
196 8747 463 9105 75 8752 352
197 8613 600 8503 580
198 9351 224 9058 212 8903 38 8709 557 9412 515
199 9066 286
200 9266 53 8693 600 9230 600 9581 171
201 6074 430
202 6315 600 6168 600 5942 600 6394 600 6331 600 5883 518
203 8997 600 6305 256 7585 58 6057 590 5870 580 8477 600 8554 530
204 8947 20 8928 192
205 9928 30
206 9345 254 8883 600 8830 600 8859 199
207 9413 339
208 9220 194 9157 276
209 7497 600 8070 266
210 9050 523 8876 565
211 8817 49 9101 149
212 9312 419 9431 189
213 9338 600 8702 600 7877 590 8157 456
214 8917 339 9033 600 9078 91
215 9001 83
216 7876 600 8565 600 6420 600 6652 287
217 8479 528 8493 291
218 5492 590 5574 600 5699 600 5705 600 5663 503
219 9052 326 8745 5
220 9846 112
221 8797 107 8862 19
222 9461 330 9246 600 9163 600 9233 600 9187 600 9280 600 8757 145
223 8588 277 8860 600 9379 334
224 6422 600 6198 590 5886 600 6423 600 6351 600 6319 600 6111 472
225 8986 230
226 8976 11
227 9343 370
228 6119 600 6138 600 6624 600 6951 600 7299 600 6245 600 6745 600 6906 600 6132 600 6640 377
229 5726 387 5892 600 5854 366
230 7406 600 7490 600 7125 590 7111 600 6099 590 7346 600 6345 600 7149 499
231 8742 351 8657 600 9126 600 9171 182
232 9465 580 9368 600 8367 600 8378 600 8490 421
233 9220 18
234 6255 228 6165 600 6178 484
235 8422 600 8239 114
236 8679 600 8695 600 8655 600 8510 590 8441 600 8567 359
237 7376 331 9284 600 6518 600 5807 600 8762 600 7449 600 8439 600 8577 600 8548 600 5965 600 8253 600 6424 600 6455 600 7133 319
238 6469 415 6360 600 6365 600 6445 567
239 6430 551 6415 600 6343 82
240 5990 78 5998 600 6261 65 6211 600 6125 394
241 5788 281
242 6326 256 6110 538 6469 185
243 8880 93
244 9044 588 9034 323
245 8939 313 7917 577
246 8499 201 8696 600 8525 600 8698 600 9102 600 8871 600 8803 137
247 9482 167
248 9509 140
249 117 600 6449 590 5919 600 6997 600 5896 600 6938 600 5633 600 151 590 5862 600 6286 600 6480 174
250 8473 590 8217 600 6064 494 7126 600 7225 600 8371 600 8221 600 8249 600 8446 600 6686 559
251 9390 173 9468 33 9413 122
252 5906 127 5986 600 5885 511
253 8777 26
254 5623 580 5752 600 5958 600 5645 600 5771 600 5615 600 5680 89
255 9755 103
256 8947 580
257 9452 86 9173 600 8733 600 8950 125
258 9750 189
259 2840 600 2699 102
260 243 600 8418 590 6241 600 6937 600 8176 600 6108 600 5945 600 6232 600 6704 600 5301 600 6608 600 6825 600 7264 215
261 8953 235
262 8346 600 7635 580 8687 600 8551 362
263 8950 475 8894 600 8625 600 8560 41
264 9015 26
265 8457 600 8837 600 5703 590 6771 600 8607 600 9264 600 5887 600 7143 600 8542 600 5494 600 8308 600 8356 89
266 8840 129 8870 600 8653 576
267 9468 291
268 5099 600 5094 583
269 9100 476 8739 600 9189 391
270 7583 249 6511 580 6716 98
271 9113 590 8673 600 8227 600 9071 600 7370 590 8396 290
272 8532 580 8576 600 8350 10
273 9060 405 9226 510
274 6477 306
275 6074 109 6085 600 6282 589 5865 473 5681 320
276 5659 323 5759 600 5946 600 5617 600 5745 149
277 8560 559 9519 32
278 8777 159
279 9253 228 9283 145
280 8951 154
281 8822 600 8671 8
282 9726 590 9642 590 9622 600 8611 600 5584 600 7320 600 6499 600 7260 600 6783 600 6972 158
283 2336 127 2576 481
284 2221 9
285 9005 545 9060 195
286 9193 304 9196 307
287 9482 433 9449 39
288 8454 600 8533 600 8343 600 8781 600 8856 600 8685 25
289 9112 398
290 9226 90 8955 221
291 9612 600 9128 423 8761 580 8785 600 8979 600 8991 600 9531 600 8456 600 9439 600 8663 600 8826 94
292 8263 580 8914 600 6389 600 7957 600 8507 333
293 6413 580 6427 600 6317 580 6381 600 6247 600 6359 600 6448 600 6370 35
294 8398 600 8527 600 7349 600 6528 600 6673 600 8462 240
295 8479 72
296 9123 455 9237 600 9177 87
297 6497 441
298 9801 27
299 5815 555
300 9421 600 9178 518 9153 600 9160 600 8612 600 9232 600 8967 181
301 7777 595
302 6180 273
303 9151 325
304 9628 68
305 5553 16 6051 600 5796 364
306 9157 324 9182 247
307 8836 600 8606 591
308 5318 600 8395 600 9458 600 6902 600 8259 309
309 8738 590 8626 590 8379 600 8811 600 8844 600 8814 222
310 8701 272 8955 379 8747 137
311 9077 298 8682 600 5589 580 8760 600 6418 600 8960 600 9501 600 6195 600 5485 600 6026 600 6080 600 6148 236
312 2650 600 2641 600 2699 301
313 9055 590 9054 600 6834 371 8281 600 5847 600 6188 600 8182 600 8429 600 6855 600 6207 600 6538 600 7643 600 8524 548
314 6151 600 6126 390
315 8413 600 5473 590 6516 600 6750 600 9079 600 5983 600 6808 600 7883 600 6593 600 6729 600 9406 44
316 6334 400 6329 600 6398 600 6333 600 6433 600 6347 205
317 9304 600 8606 9 8716 600 8776 600 8916 13
318 9466 475 9506 600 9399 474 9533 600 9585 600 9327 600 9409 600 9648 600 9020 436
319 8892 165 8707 600 8703 141
320 5967 580 7837 362
321 9103 403 8983 313
322 7777 5 7850 96
323 5583 600 5592 600 5527 590 5571 600 5523 600 5516 590 5481 590 5500 600 5525 175
324 6935 600 6646 142
325 6843 580 6147 600 8414 600 6602 600 8724 600 8302 600 6834 229
326 7556 600 6685 600 6984 600 5687 600 6694 600 7542 600 7300 600 6828 600 6205 600 7020 600 6190 281
327 8596 219 9392 600 9287 600 5926 600 8877 600 8788 375
328 9084 120 9203 123 9191 514
329 8826 9
330 7917 23 8164 600 7016 47 5799 580 5724 600 6401 287
331 2754 600 2714 522
332 6352 541 6530 95
333 8912 323 9211 600 8450 583 9260 600 8595 600 8229 600 9408 600 9076 600 8345 1
334 8231 590 8409 600 8293 600 7918 590 8573 600 8581 600 7941 600 7909 39
335 6296 600 6353 600 6225 72
336 6023 177 6032 600 5849 600 5855 278
337 9283 204
338 6152 168 6078 430
339 8972 296 9183 600 8952 600 8765 43
340 9087 333 9129 600 9058 388
341 5015 600 2883 392
342 9553 600 9248 467 9564 600 9477 600 9321 600 8115 306 8552 600 8984 600 9266 547
343 5906 473
344 5885 89 6154 600 5974 337
345 6445 33 6444 600 5732 590 5731 365
346 6325 580 6229 590 6310 600 6172 600 6065 590 6027 580 5622 329
347 5827 307 5715 590 5772 600 5726 213
348 9449 191
349 6073 600 6280 273 5951 600 5876 600 6265 388
350 9746 600 9546 580 9333 590 9002 590 9357 600 8889 590 8793 600 9453 600 8529 600 8500 600 9738 600 5559 279
351 8916 587 8934 514
352 6572 485 5758 600 7295 600 5904 600 6564 432
353 8841 470 8887 600 8603 600 8620 600 8978 108
354 5660 600 6056 600 5831 600 5793 600 5643 87
355 8648 398
356 6977 590 6533 590 6600 600 6857 600 6409 600 6519 600 6819 182
357 9693 600 9643 600 9659 600 9366 432 8924 600 8897 600 9092 600 9455 590
358 9189 209 9262 357
359 8728 600 8783 600 8699 534
360 9017 357
361 6028 600 6006 600 6040 600 6362 600 6283 49
362 8862 581 9021 600 9123 145
363 9630 461
364 7178 600 6460 600 5821 600 5975 600 8853 357
365 8745 185
366 6287 600 6350 521 6334 200
367 5856 590 5733 600 6110 62
368 9268 600 8685 575 8743 37
369 4265 454
370 6158 600 5888 9
371 8609 562
372 5837 285 6121 4
373 6007 590 5921 600 5852 600 5959 600 6000 600 5704 600 5678 438
374 9051 10 9000 515
375 2556 408 2336 327
376 9790 88
377 8732 455 9502 600 8915 600 9024 600 9188 392
378 6297 600 6063 483 6130 600 5717 391
379 8990 590 9385 389
380 6157 600 6201 600 6061 24
381 9203 446
382 6970 580 6524 590 6718 600 6866 600 6607 600 6658 600 6845 569
383 9075 382 9051 209
384 9526 21
385 5974 263 5835 600 6155 199
386 5889 283 5721 600 5672 600 5971 600 5865 127
387 9393 580 9613 89
388 9166 4 9307 600 9397 600 9483 600 9026 600 8778 600 9491 600 8772 572
389 8801 266 8737 600 8886 5
390 248 178
391 9645 600 9567 600 8918 600 9384 600 8899 600 9241 600 9012 600 8544 518
392 6191 600 6225 528 6213 600 6282 11
393 9116 221 9295 600 9464 600 9669 600 9207 600 9221 600 7237 600 9490 600 5803 154 6948 600 7767 600 5682 600 6290 119
394 6366 600 6233 590 6228 600 6358 600 6554 600 6431 600 6285 600 6543 600 6194 228
395 8402 441
396 8957 580 6453 600 9074 600 6459 600 6632 600 7522 600 5934 600 7329 600 8492 600 8109 600 7561 600 5576 83
397 8835 102 9169 600 8977 381
398 6686 31 5476 600 6084 600 6264 600 6354 600 7278 600 8522 600 8823 600 6863 600 6918 378
399 4991 600 5006 600 4974 305
400 8597 133
401 8195 549 8344 600 8632 600 8115 143
402 5816 362 5830 600 6061 518
403 6894 600 8010 600 8387 600 5930 600 6788 600 6291 600 8505 600 6491 600 8562 600 5560 600 6619 600 7282 24
404 7285 85 7339 600 6605 600 6506 600 7452 600 6550 600 6601 156
405 9253 239
406 9390 91
407 9412 85 9371 600 8674 600 9252 600 8664 42
408 8671 592 8869 600 8583 600 8891 121
409 6039 186 6021 600 6034 600 6074 61
410 9066 266 8872 600 8902 246
411 8593 532 6113 600 6537 600 7716 600 7728 600 8519 600 5940 600 8668 194
412 6344 600 6324 600 6340 600 6483 600 6261 535
413 8820 590 6760 600 7196 600 8468 600 8974 600 6556 600 8183 600 8545 600 5880 600 6677 600 9370 600 8999 600 5595 383
414 8920 124
415 9017 243 8920 81
416 8976 502
417 9449 240
418 5780 221 5729 600 5924 600 5788 164
419 8798 600 8462 360 8658 600 8448 600 8690 515
420 8559 415 6998 600 6669 600 8939 287
421 8774 29
422 8951 342 8994 600 9119 600 9248 133
423 5629 600 5639 600 6178 116 5692 600 5918 318
424 7135 510 7323 600 6189 580 5753 590 6277 600 6670 125
425 76 600 102 580 71 600 92 600 95 600 109 590 138 249
426 6631 600 6321 590 6721 600 6210 600 6294 600 6541 600 6270 600 7034 600 6202 530
427 5990 512
428 9112 31 9009 96
429 8928 408 8824 61
430 8886 595 8754 600 8828 378
431 9283 251 9277 246
432 8489 600 8540 600 8358 41 8800 139
433 8713 600 8167 590 8267 600 8375 600 8751 600 8412 600 8614 600 8331 600 8486 178
434 9472 600 9524 600 9418 600 8743 563 9485 600 9061 600 9461 270
435 6393 600 6430 49
436 6204 506 6206 600 6273 600 6280 327
437 399 600 418 600 426 600 463 600 504 590 489 596
438 8759 600 8794 600 8714 507
439 8615 580 8303 590 8277 600 8322 600 8138 110
440 5443 600 5616 600 7731 600 6724 600 9504 600 6572 115
441 6125 206 5743 600 6136 600 6008 600 5652 135
442 8800 377 8617 600 8605 600 8555 600 8705 487
443 7136 600 7978 119
444 7966 400 8039 600 7583 351
445 9016 45 8801 334
446 8809 80 8804 600 8874 600 8526 89
447 6186 253 5815 45 5630 600 5911 600 6112 600 6204 94
448 9576 81
449 9468 276
450 5918 158
451 9387 195
452 9638 69
453 9970 11
454 9047 261 9101 96
455 9272 12 9381 600 9428 600 9539 600 5977 580 6135 86
456 9574 600 9267 600 9315 600 9200 600 9095 276 8951 104
457 6831 472 6281 600 7550 600 6577 600 6289 600 6684 566
458 7886 600 6610 600 6860 600 7785 600 8048 600 5790 600 6702 600 8207 600 5727 600 7047 600 7732 600 5898 559
459 8953 342 9114 600 8922 8
460 7236 580 7502 600 7053 600 6793 590 6615 424
461 7134 69
462 8664 26
463 9755 25
464 6680 77
465 9638 157
466 9351 376
467 5867 590 8151 600 9349 600 5761 600 6013 600 6062 600 8130 600 8360 600 9361 600 9593 581
468 5740 332 8478 600 5879 600 5903 600 9470 600 8318 600 9014 600 6796 600 6928 600 9474 600 5431 501
469 8868 600 8817 406
470 9417 426 8895 600 8537 600 8508 79 9499 600 8748 228
471 9425 600 8803 463 8786 600 8847 600 8746 600 9138 600 9029 600 9399 126
472 8400 417 8070 334 7585 542
473 8876 35 9048 600 9228 600 9251 54
474 7058 472 9256 600 6627 600 7450 285
475 8865 535 8745 51
476 8155 556 8819 600 6981 600 7376 259
477 5841 383 5811 368 5889 317
478 668 600 639 75
479 9928 69
480 6061 58 5625 590 5960 600 6049 600 6152 432
481 7971 580 8145 600 8258 600 6167 590 6666 600 7379 600 6346 600 6507 600 6734 600 8276 600 6775 149
482 8824 539 8880 204
483 9670 580 7733 580 9462 600 5329 590 6898 600 7155 600 8419 600 8925 600 8480 600 8515 397
484 2371 600 2172 600 2090 398
485 6046 600 5802 590 5547 600 5823 600 5529 600 5694 491
486 9628 128
487 5638 590 6341 600 6592 600 6657 600 7799 600 6656 600 5374 600 6903 600 5677 600 7186 600 5740 258
488 2221 591 2556 192
489 6662 580 7010 600 8203 600 8314 600 8645 600 9030 600 7177 600 8266 600 5613 600 5874 600 8168 600 6835 600 8271 271
490 8772 28 8677 330
491 9789 600 9672 580 9330 580 9586 600 8306 590 8458 600 9098 600 9231 600 8288 600 8058 600 6640 213 7943 294
492 5871 600 5626 600 5700 600 5698 600 5848 589
493 8765 557 9198 600 8523 600 9178 82
494 85 580 59 600 101 600 5631 600 5803 446
495 7018 580 6454 600 6710 266
496 5855 322 5635 590 5751 600 5767 126
497 6502 143 6441 600 6266 600 6540 600 6288 600 6160 600 6098 399
498 7352 580 6484 600 6769 600 5839 600 5961 600 6708 600 6174 600 6909 478
499 9526 256
500 6019 226
501 8749 595 8919 600 9133 600 9456 600 9096 600 8514 281
502 9387 86
503 8567 241 8721 600 8727 537
504 6551 600 9034 277 9382 600 9281 387
505 9115 600 8908 600 9052 274
506 9084 404
507 9599 590 9583 600 8356 511 8364 600 9341 600 6867 600 5748 600 8021 600 9104 600 7191 165
508 8424 600 6983 201 8400 183
509 5360 368 6300 600 7253 600 8401 600 6308 600 6590 600 8590 600 9347 600 9273 256
510 9099 600 8933 600 8796 600 8867 600 9007 600 8940 600 8911 600 9004 600 8757 56
511 9429 600 8699 66 9001 309
512 8484 505 8497 600 8508 521
513 9296 580 9660 600 9019 177
514 8992 21 9298 600 8891 102
515 8648 202 8667 600 8855 187
516 8461 600 8642 600 8592 600 8566 600 8589 600 8240 600 8131 600 8593 68
517 5828 192 5780 379
518 9431 207
519 6846 580 6530 505 6842 600 8348 600 8373 180
520 8556 59 8488 600 8499 399
521 5917 600 5994 600 5755 312 6481 600 6182 600 6416 600 5923 250
522 8958 494 9038 600 8953 23
523 8717 590 6513 590 7094 24
524 8071 580 6219 600 6626 600 8148 600 8447 600 7242 600 7383 600 6369 600 6348 600 8193 600 8194 600 7137 45
525 9630 139 9385 211 9332 590 9500 600 9556 600 9180 590 9137 600 8931 600 9437 600 9454 77
526 5982 294 6133 600 6171 600 6342 600 6096 600 6209 263
527 5717 209 5763 600 5912 600 5900 600 5786 29
528 8833 390 9005 55
529 5601 413 6322 434 5782 600 6292 600 5943 268
530 8509 164 8514 183
531 9001 208 9083 600 9457 600 8992 579
532 8968 600 9028 600 8917 37
533 9245 379
534 8922 321 8942 600 9050 77
535 9339 168 9601 536 9628 27
536 6982 600 6024 173
537 5878 441 5929 600 5827 293
538 7526 480
539 6918 212 8644 600 6737 600 6974 600 9108 600 9498 600 8481 600 9162 600 9489 600 6275 600 6739 240
540 7026 476 7153 141 6983 399
541 8438 50 8449 600 8455 164
542 5932 580 6451 600 6649 600 5776 590 5869 518
543 8828 222 8917 224
544 2544 580 2398 323
545 8330 600 7850 504 7844 600 8239 406
546 65 590 68 590 70 600 91 590 90 600 61 600 5953 590 6352 59
547 6283 336 6367 600 5837 305
548 9251 546 8845 81 8835 498
549 9987 14
550 6477 294 6461 600 6471 600 6479 408
551 7134 114
552 6495 590 6490 600 6303 590 6313 600 6476 600 6162 600 6177 600 6410 600 6502 447
553 9202 600 8902 354 8958 106
554 8903 562
555 5981 27
556 8971 556 8815 600 9066 48
557 2336 146
558 9262 11
559 9020 164 9088 600 9089 600 9031 600 9095 324
560 8653 24 8646 600 8709 43
561 6594 500 8185 600 6709 600 8040 600 7744 600 8076 600 6522 590 6761 600 6621 600 6320 164
562 7005 580 6881 600 6231 600 6598 600 7285 515
563 9118 600 9103 197
564 6496 478 6037 600 6510 600 5725 600 5939 600 5664 600 5864 317
565 6385 600 6364 600 6437 600 6426 600 6298 600 6326 268
566 8455 436 8428 600 8563 600 8272 600 8103 600 8264 600 8672 600 8600 16
567 6023 197
568 8656 252 9671 600 8268 600 8417 600 9365 600 8966 600 8715 600 8912 277
569 8851 24 8575 590 8722 600 8405 590 8704 600 9497 600 8730 600 9185 600 8436 600 9128 177
570 9217 454 9193 296
571 5923 340 6260 485
572 2858 580 2883 208 2368 600 2503 600 2943 103
573 5796 236 5927 600 6127 199 6023 226
574 9182 353 9084 76
575 5943 332 5858 600 5987 600 6081 600 5920 600 5506 149
576 8922 271
577 9441 590 9796 600 9243 600 9258 600 9398 268
578 8150 595 7415 600 6591 600 7474 600 7849 600 6579 41
579 7434 600 8219 600 9288 600 6869 590 7072 600 8411 600 5449 600 6544 600 6738 600 7240 465
580 8934 86 9156 600 8678 600 9125 600 9452 514
581 8818 18 8986 263 8892 435
582 7458 600 8158 600 7966 200
583 9509 102
584 5783 3 6841 600 6865 600 8568 9
585 6648 600 6698 600 6254 600 6816 600 7052 365
586 6438 600 6386 600 6384 600 6330 422
587 8684 600 8829 600 8846 600 8708 600 8842 600 8770 254
588 6155 137
589 9790 103
590 5681 280 6186 347
591 9281 213 8909 600 8665 600 9045 600 9272 588
592 9576 52
593 6464 600 6573 600 6396 600 6569 600 6208 600 5585 600 6595 600 7496 600 6192 600 5512 600 6561 373
594 6529 420 6539 600 6505 592
595 9991 1
596 6568 600 6566 551
597 8859 401 8938 600 9016 555
598 9091 420 9105 525
599 6778 600 5594 600 6164 600 6237 600 6349 600 8782 600 9011 600 6058 2
600 5768 600 5820 600 5720 600 5755 278
601 6635 10
602 6047 10
603 5417 10
604 6169 10
605 5228 10
606 5657 10
607 8668 10
608 6148 10
609 5228 10
610 5916 10
611 6589 10
612 9037 10
613 5468 10
614 5602 10
615 5491 10
616 7459 10
617 439 10
618 8717 10
619 8969 10
620 2134 10
621 5781 10
622 229 10
623 5719 10
624 7543 10
625 432 10
626 242 10
627 2383 10
628 8231 10
629 8544 10
630 5208 10
631 6279 10
632 5570 10
633 147 10
634 6622 10
635 9677 10
636 7978 10
637 5481 10
638 2609 10
639 5648 10
640 7024 10
641 6293 10
642 2197 10
643 6533 10
644 5602 10
645 6735 10
646 6945 10
647 9448 10
648 6504 10
649 5433 10
650 2084 10
651 7247 10
652 7865 10
653 5651 10
654 7376 10
655 6318 10
656 5850 10
657 5977 10
658 6145 10
659 8189 10
660 6392 10
661 6819 10
662 8023 10
663 5600 10
664 2288 10
665 2335 10
666 5810 10
667 552 10
668 265 10
669 6411 10
670 6646 10
671 7227 10
672 948 10
673 7199 10
674 5067 10
675 6574 10
676 6670 10
677 9139 10
678 628 10
679 5602 10
680 5001 10
681 6739 10
682 14 10
683 2358 10
684 5870 10
685 7896 10
686 8243 10
687 8283 10
688 8866 10
689 7333 10
690 5646 10
691 2776 10
692 8020 10
693 8421 10
694 5351 10
695 9139 10
696 180 10
697 7054 10
698 7087 10
699 2529 10
700 5657 10
701 6680 10
702 6723 10
703 5798 10
704 2372 10
705 6684 10
706 5650 10
707 23 10
708 2800 10
709 8998 10
710 6497 10
711 6064 10
712 778 10
713 5561 10
714 6779 10
715 5175 10
716 9273 10
717 5850 10
718 89 10
719 9296 10
720 6320 10
721 2714 10
722 5679 10
723 8143 10
724 6643 10
725 6161 10
726 6645 10
727 89 10
728 5491 10
729 7133 10
730 348 10
731 6900 10
732 2476 10
733 6036 10
734 6585 10
735 9364 10
736 47 10
737 8290 10
738 6585 10
739 5662 10
740 162 10
741 56 10
742 46 10
743 6327 10
744 2299 10
745 7292 10
746 5525 10
747 6567 10
748 5696 10
749 8587 10
750 7191 10
751 8023 10
752 6024 10
753 6215 10
754 5391 10
755 9354 10
756 5984 10
757 7943 10
758 5595 10
759 6290 10
760 6629 10
761 8890 10
762 6502 10
763 5915 10
764 32 10
765 2542 10
766 5505 10
767 9354 10
768 7149 10
769 9411 10
770 8669 10
771 5351 10
772 6094 10
773 7350 10
774 8885 10
775 5440 10
776 5573 10
777 6375 10
778 7358 10
779 5923 10
780 5072 10
781 5860 10
782 179 10
783 5844 10
784 162 10
785 948 10
786 5549 10
787 6699 10
788 5129 10
789 6683 10
790 7266 10
791 229 10
792 5576 10
793 5012 10
794 6720 10
795 6900 10
796 6615 10
797 6545 10
798 100 10
799 600 10
800 6727 10
801 7833 10
802 823 10
803 5902 10
804 8381 10
805 8061 10
806 7414 10
807 5093 10
808 8421 10
809 46 10
810 5668 10
811 659 10
812 6194 10
813 8027 10
814 6840 10
815 478 10
816 5775 10
817 9613 10
818 2540 10
819 5377 10
820 2344 10
821 5586 10
822 5521 10
823 5377 10
824 5559 10
825 6267 10
826 6317 10
827 2684 10
828 7199 10
829 7059 10
830 6961 10
831 6949 10
832 6456 10
833 6337 10
834 2471 10
835 6609 10
836 5985 10
837 6609 10
838 5714 10
839 247 10
840 5352 10
841 8252 10
842 143 10
843 7633 10
844 5539 10
845 6603 10
846 5179 10
847 7018 10
848 6712 10
849 6660 10
850 9635 10
851 14 10
852 5936 10
853 749 10
854 8888 10
855 6674 10
856 6587 10
857 7191 10
858 5915 10
859 19 10
860 6209 10
861 8418 10
862 6545 10
863 5478 10
864 278 10
865 9172 10
866 5776 10
867 5753 10
868 6735 10
869 5981 10
870 5391 10
871 5976 10
872 2388 10
873 5981 10
874 5818 10
875 6893 10
876 7392 10
877 2436 10
878 5663 10
879 5860 10
880 1000 10
881 9516 10
882 7943 10
883 7247 10
884 6492 10
885 7862 10
886 9516 10
887 2173 10
888 6725 10
889 8190 10
890 6947 10
891 9142 10
892 6407 10
893 7652 10
894 5424 10
895 6641 10
896 5540 10
897 659 10
898 6969 10
899 6194 10
900 5561 10
901 5868 10
902 5379 10
903 5175 10
904 8124 10
905 6890 10
906 6494 10
907 8373 10
908 5732 10
909 2220 10
910 2625 10
911 2287 10
912 138 10
913 2452 10
914 553 10
915 5377 10
916 7104 10
917 103 10
918 8524 10
919 5597 10
920 8575 10
921 5610 10
922 6534 10
923 8061 10
924 6106 10
925 47 10
926 143 10
927 8959 10
928 6716 10
929 8206 10
930 8957 10
931 5325 10
932 6845 10
933 8622 10
934 2283 10
935 22 10
936 8832 10
937 5410 10
938 309 10
939 8243 10
940 5199 10
941 5646 10
942 5860 10
943 282 10
944 2439 10
945 8635 10
946 6645 10
947 8764 10
948 7765 10
949 5412 10
950 7865 10
951 5044 10
952 5194 10
953 5368 10
954 85 10
955 5686 10
956 8157 10
957 6043 10
958 128 10
959 2099 10
960 684 10
961 5605 10
962 6587 10
963 5756 10
964 5201 10
965 5478 10
966 5410 10
967 14 10
968 415 10
969 5550 10
970 6235 10
971 6787 10
972 5638 10
973 6775 10
974 7609 10
975 5694 10
976 5916 10
977 2124 10
978 7052 10
979 5813 10
980 7054 10
981 5966 10
982 5067 10
983 6411 10
984 7652 10
985 25 10
986 5832 10
987 8473 10
988 770 10
989 475 10
990 5990 10
991 385 10
992 5234 10
993 6927 10
994 5663 10
995 6720 10
996 6257 10
997 6031 10
998 7877 10
999 6467 10
1000 9313 10
1001 38 10
1002 6890 10
1003 8383 10
1004 8727 10
1005 6829 10
1006 986 10
1007 5175 10
1008 6562 10
1009 8252 10
1010 6075 10
1011 6388 10
1012 6190 10
1013 6411 10
1014 8260 10
1015 6067 10
1016 6470 10
1017 5915 10
1018 8998 10
1019 5440 10
1020 7024 10
1021 5637 10
1022 5607 10
1023 5741 10
1024 7370 10
1025 8020 10
1026 5433 10
1027 6811 10
1028 5201 10
1029 6279 10
1030 8066 10
1031 6652 10
1032 9279 10
1033 102 10
1034 7084 10
1035 6376 10
1036 6584 10
1037 2474 10
1038 6306 10
1039 9516 10
1040 5731 10
1041 5905 10
1042 5898 10
1043 6817 10
1044 2684 10
1045 5589 10
1046 2800 10
1047 7512 10
1048 6377 10
1049 6330 10
1050 103 10
1051 5850 10
1052 5120 10
1053 5734 10
1054 6054 10
1055 5539 10
1056 2528 10
1057 8964 10
1058 6581 10
1059 2414 10
1060 5151 10
1061 5655 10
1062 6618 10
1063 6058 10
1064 9393 10
1065 6846 10
1066 6355 10
1067 8147 10
1068 5223 10
1069 2352 10
1070 9056 10
1071 8964 10
1072 265 10
1073 6166 10
1074 8629 10
1075 6662 10
1076 348 10
1077 248 10
1078 6457 10
1079 6224 10
1080 8904 10
1081 5665 10
1082 321 10
1083 5932 10
1084 8969 10
1085 180 10
1086 7333 10
1087 223 10
1088 2776 10
1089 829 10
1090 5985 10
1091 6513 10
1092 39 10
1093 728 10
1094 6742 10
1095 8061 10
1096 5654 10
1097 6739 10
1098 6494 10
1099 2528 10
1100 385 10
1101 6594 10
1102 6764 10
1103 5810 10
1104 6163 10
1105 2452 10
1106 8316 10
1107 99 10
1108 2656 10
1109 7094 10
1110 5423 10
1111 84 10
1112 6859 10
1113 2439 10
1114 5869 10
1115 7686 10
1116 6036 10
1117 77 10
1118 8298 10
1119 6887 10
1120 8660 10
1121 164 10
1122 67 10
1123 6603 10
1124 5980 10
1125 2471 10
1126 2457 10
1127 5678 10
1128 2738 10
1129 5968 10
1130 7837 10
1131 7414 10
1132 628 10
1133 7890 10
1134 8329 10
1135 466 10
1136 8325 10
1137 8403 10
1138 412 10
1139 128 10
1140 8507 10
1141 6412 10
1142 8066 10
1143 6180 10
1144 32 10
1145 5101 10
1146 9398 10
1147 2501 10
1148 23 10
1149 7337 10
1150 5665 10
1151 6558 10
1152 6161 10
1153 2388 10
1154 475 10
1155 6775 10
1156 2244 10
1157 7060 10
1158 6284 10
1159 2309 10
1160 7264 10
1161 2427 10
1162 2125 10
1163 9308 10
1164 5973 10
1165 6504 10
1166 6589 10
1167 6609 10
1168 6715 10
1169 929 10
1170 6909 10
1171 5605 10
1172 6355 10
1173 103 10
1174 6436 10
1175 5775 10
1176 6478 10
1177 8241 10
1178 5916 10
1179 8990 10
1180 6567 10
1181 5826 10
1182 6819 10
1183 6570 10
1184 5478 10
1185 6167 10
1186 6817 10
1187 8549 10
1188 8243 10
1189 5129 10
1190 6311 10
1191 9577 10
1192 7918 10
1193 2091 10
1194 5276 10
1195 5515 10
1196 8014 10
1197 6187 10
1198 242 10
1199 7087 10
1200 6190 10
1201 7733 10
1202 648 10
1203 77 10
1204 5607 10
1205 5662 10
1206 6597 10
1207 6391 10
1208 8190 10
1209 8113 10
1210 5482 10
1211 252 10
1212 6675 10
1213 9577 10
1214 8027 10
1215 6646 10
1216 6293 10
1217 265 10
1218 6432 10
1219 5543 10
1220 6597 10
1221 523 10
1222 6870 10
1223 6757 10
1224 5769 10
1225 8124 10
1226 5637 10
1227 482 10
1228 8393 10
1229 6885 10
1230 5719 10
1231 5513 10
1232 58 10
1233 5840 10
1234 7633 10
1235 466 10
1236 7311 10
1237 9471 10
1238 8532 10
1239 9644 10
1240 5671 10
1241 5605 10
1242 6095 10
1243 5348 10
1244 482 10
1245 180 10
1246 6412 10
1247 5586 10
1248 2407 10
1249 489 4 557 6
1250 8720 10
1251 2339 10
1252 122 10
1253 8790 10
1254 8668 10
1255 5819 10
1256 2372 10
1257 6756 10
1258 2423 10
1259 8416 10
1260 9113 10
1261 6520 10
1262 8964 10
1263 5637 10
1264 8252 10
1265 8157 10
1266 2757 10
1267 8012 10
1268 5493 10
1269 6492 10
1270 9546 10
1271 5311 10
1272 5044 10
1273 6635 10
1274 2611 10
1275 6249 10
1276 2197 10
1277 5836 10
1278 5622 10
1279 8327 10
1280 7008 10
1281 252 10
1282 6094 10
1283 5888 10
1284 5798 10
1285 6414 10
1286 8426 10
1287 5991 10
1288 5931 10
1289 7070 10
1290 5650 10
1291 8622 10
1292 6392 10
1293 2380 10
1294 8790 10
1295 6779 10
1296 5597 10
1297 6949 10
1298 7788 10
1299 6413 10
1300 5769 10
1301 6058 10
1302 7476 10
1303 2656 10
1304 7602 10
1305 6606 10
1306 6016 10
1307 8587 10
1308 6436 10
1309 7476 10
1310 8014 10
1311 68 10
1312 9308 10
1313 8985 10
1314 156 10
1315 6419 10
1316 8012 10
1317 2481 10
1318 776 10
1319 7909 10
1320 122 10
1321 872 10
1322 439 10
1323 7133 10
1324 247 10
1325 5597 10
1326 8463 10
1327 6161 10
1328 107 10
1329 8 10
1330 8764 10
1331 349 10
1332 2335 10
1333 829 10
1334 73 10
1335 7013 10
1336 6520 10
1337 8814 10
1338 8 10
1339 5992 10
1340 5968 10
1341 9471 10
1342 5059 10
1343 5101 10
1344 93 10
1345 5452 10
1346 7866 10
1347 7311 10
1348 6145 10
1349 8510 10
1350 7060 10
1351 8904 10
1352 5360 10
1353 6183 10
1354 7414 10
1355 5279 10
1356 6800 10
1357 2244 10
1358 6284 10
1359 778 10
1360 8957 10
1361 5980 10
1362 5513 10
1363 8263 10
1364 5792 10
1365 2810 10
1366 770 10
1367 5992 10
1368 6756 10
1369 8071 10
1370 2858 10
1371 9767 10
1372 5837 10
1373 6545 10
1374 872 10
1375 8486 10
1376 9767 10
1377 6736 10
1378 7921 10
1379 2734 10
1380 313 10
1381 2542 10
1382 8147 10
1383 6304 10
1384 7866 10
1385 5980 10
1386 6098 10
1387 5628 10
1388 6674 10
1389 8263 10
1390 6650 10
1391 5864 10
1392 2383 10
1393 9172 10
1394 7451 10
1395 5621 10
1396 8373 10
1397 701 10
1398 5836 10
1399 6781 10
1400 5716 10
1401 6082 10
1402 9406 10
1403 1984 10
1404 73 10
1405 7711 10
1406 8315 10
1407 9037 10
1408 8790 10
1409 5340 10
1410 7971 10
1411 2501 10
1412 5424 10
1413 6417 10
1414 2647 10
1415 5968 10
1416 8427 10
1417 7896 10
1418 6603 10
1419 6036 10
1420 2481 10
1421 6810 10
1422 5363 10
1423 6027 10
1424 829 10
1425 8397 10
1426 7765 10
1427 1977 10
1428 5937 10
1429 255 10
1430 6786 10
1431 8206 10
1432 5628 10
1433 5936 10
1434 7070 10
1435 6559 10
1436 2647 10
1437 7013 10
1438 2625 10
1439 7866 10
1440 2484 10
1441 6419 10
1442 5833 10
1443 2364 10
1444 8255 10
1445 8124 10
1446 5367 10
1447 9330 10
1448 8255 10
1449 74 10
1450 728 10
1451 86 10
1452 5600 10
1453 2414 10
1454 282 10
1455 5575 10
1456 5001 10
1457 2633 10
1458 6969 10
1459 6613 10
1460 2423 10
1461 5976 10
1462 5286 10
1463 84 10
1464 8233 10
1465 5623 10
1466 551 10
1467 5655 10
1468 204 10
1469 6736 10
1470 98 10
1471 6757 10
1472 2134 10
1473 6564 10
1474 1977 10
1475 929 10
1476 5466 10
1477 5953 10
1478 6144 10
1479 5984 10
1480 6664 10
1481 6456 10
1482 6779 10
1483 7635 10
1484 5492 10
1485 5448 10
1486 523 10
1487 6145 10
1488 6106 10
1489 7986 10
1490 6099 10
1491 1109 10
1492 6622 10
1493 5657 10
1494 7837 10
1495 9072 10
1496 5680 10
1497 167 10
1498 5991 10
1499 6947 10
1500 2288 10
1501 2173 10
1502 552 10
1503 8890 10
1504 6144 10
1505 6674 10
1506 6317 10
1507 5740 10
1508 6558 10
1509 7246 10
1510 8615 10
1511 6618 10
1512 6372 10
1513 7733 10
1514 6187 10
1515 7204 10
1516 8014 10
1517 6736 10
1518 6562 10
1519 2173 10
1520 6467 10
1521 5151 10
1522 7903 10
1523 5179 10
1524 6047 10
1525 5367 10
1526 5884 10
1527 8255 10
1528 7450 10
1529 8761 10
1530 8298 10
1531 24 10
1532 6243 10
1533 7199 10
1534 6446 10
1535 5482 10
1536 5454 10
1537 986 10
1538 8259 10
1539 6584 10
1540 7204 10
1541 5738 10
1542 2656 10
1543 6054 10
1544 136 10
1545 6075 10
1546 20 10
1547 6212 10
1548 5976 10
1549 5138 10
1550 6390 10
1551 5437 10
1552 581 10
1553 6419 10
1554 5410 10
1555 9364 10
1556 5678 10
1557 8866 10
1558 432 10
1559 9172 10
1560 5348 10
1561 7903 10
1562 521 10
1563 6890 10
1564 8826 10
1565 2260 10
1566 9150 10
1567 5587 10
1568 7352 10
1569 2226 10
1570 2943 10
1571 392 10
1572 8616 10
1573 6701 10
1574 268 10
1575 6338 10
1576 2151 10
1577 8350 10
1578 7333 10
1579 8317 10
1580 2099 10
1581 5340 10
1582 872 10
1583 8271 10
1584 7599 10
1585 7903 10
1586 6680 10
1587 6449 10
1588 6534 10
1589 8189 10
1590 5822 10
1591 5836 10
1592 6004 10
1593 182 10
1594 6235 10
1595 65 10
1596 5670 10
1597 6215 10
1598 5145 10
1599 5093 10
1600 6148 10
1601 268 10
1602 6893 10
1603 5452 10
1604 5363 10
1605 6390 10
1606 8192 10
1607 6637 10
1608 5352 10
1609 2226 10
1610 2501 10
1611 100 10
1612 5686 10
1613 6885 10
1614 6407 10
1615 6498 10
1616 5818 10
1617 2339 10
1618 5642 10
1619 5101 10
1620 2610 10
1621 5391 10
1622 415 10
1623 2540 10
1624 8921 10
1625 7602 10
1626 8580 10
1627 6306 10
1628 5883 10
1629 784 10
1630 6574 10
1631 163 10
1632 5905 10
1633 723 10
1634 2299 10
1635 5867 10
1636 5848 1 5525 9
1637 9398 10
1638 8317 10
1639 8007 10
1640 8138 10
1641 6279 10
1642 6504 10
1643 6700 10
1644 8030 10
1645 6613 10
1646 1977 10
1647 8290 10
1648 7543 10
1649 216 10
1650 2476 10
1651 6227 10
1652 7735 10
1653 2287 10
1654 5652 10
1655 515 10
1656 5223 10
1657 8206 10
1658 349 10
1659 8490 10
1660 6370 10
1661 2388 10
1662 6622 10
1663 5596 10
1664 8660 10
1665 6295 10
1666 6480 10
1667 5124 10
1668 652 10
1669 2423 10
1670 5644 10
1671 8325 10
1672 6047 10
1673 2734 10
1674 1109 10
1675 5667 10
1676 2471 10
1677 7358 10
1678 723 10
1679 8064 10
1680 6643 10
1681 5176 10
1682 5323 10
1683 309 10
1684 5666 10
1685 6571 10
1686 6318 10
1687 8969 10
1688 6845 10
1689 5094 7 5059 3
1690 9406 10
1691 6725 10
1692 143 10
1693 6970 10
1694 8397 10
1695 7978 10
1696 2738 10
1697 6175 10
1698 9190 10
1699 2474 10
1700 5936 10
1701 6523 10
1702 736 10
1703 4974 10
1704 23 10
1705 5703 10
1706 9672 10
1707 8064 10
1708 8524 10
1709 2528 10
1710 8327 10
1711 12 10
1712 167 10
1713 652 10
1714 6007 10
1715 6043 10
1716 2084 10
1717 6482 10
1718 7115 10
1719 7543 10
1720 523 10
1721 5208 10
1722 6338 10
1723 5516 10
1724 5599 10
1725 776 10
1726 6859 10
1727 6497 10
1728 93 10
1729 778 10
1730 2335 10
1731 6826 10
1732 6224 10
1733 2364 10
1734 6678 10
1735 6337 10
1736 74 10
1737 9180 10
1738 6559 10
1739 7337 10
1740 6560 10
1741 8350 10
1742 8064 10
1743 5573 10
1744 5423 10
1745 6179 10
1746 6498 10
1747 6370 10
1748 5985 10
1749 362 10
1750 2633 10
1751 263 10
1752 12 10
1753 6757 10
1754 2383 10
1755 97 10
1756 6927 10
1757 5520 10
1758 8890 10
1759 5905 10
1760 8814 10
1761 8832 10
1762 7008 10
1763 2124 10
1764 5587 10
1765 5989 10
1766 2339 10
1767 5059 10
1768 156 10
1769 701 10
1770 8122 10
1771 74 10
1772 7919 10
1773 164 10
1774 8147 10
1775 8329 10
1776 646 10
1777 5276 10
1778 6651 10
1779 6562 10
1780 9053 10
1781 8549 10
1782 8190 10
1783 8233 10
1784 2309 10
1785 5352 10
1786 5621 10
1787 2476 10
1788 8888 10
1789 7686 10
1790 20 10
1791 8316 10
1792 478 10
1793 5424 10
1794 9424 10
1795 5669 10
1796 6887 10
1797 2313 10
1798 635 10
1799 7018 10
1800 7711 10
1801 6045 10
1802 91 10
1803 6969 10
1804 5351 10
1805 8416 10
1806 8764 10
1807 97 10
1808 5550 10
1809 2529 10
1810 8030 10
1811 7788 10
1812 5276 10
1813 8381 10
1814 6752 10
1815 8306 10
1816 5527 10
1817 5582 10
1818 6220 10
1819 9465 10
1820 6642 10
1821 5515 10
1822 5651 10
1823 2610 10
1824 2125 10
1825 97 10
1826 6055 10
1827 6095 10
1828 5587 10
1829 6220 10
1830 6090 10
1831 6325 10
1832 6699 10
1833 98 10
1834 6700 10
1835 145 10
1836 6429 10
1837 7160 10
1838 5311 10
1839 511 10
1840 7059 10
1841 7123 10
1842 8122 10
1843 7599 10
1844 6710 10
1845 6156 10
1846 7988 10
1847 2611 10
1848 6251 10
1849 5573 10
1850 9002 10
1851 268 10
1852 6509 10
1853 5756 10
1854 5138 10
1855 6412 10
1856 5644 10
1857 6183 10
1858 9236 10
1859 6240 10
1860 5973 10
1861 5379 10
1862 599 10
1863 7227 10
1864 5286 10
1865 8515 10
1866 6752 10
1867 6446 10
1868 6599 10
1869 6725 10
1870 659 10
1871 6811 10
1872 7476 10
1873 2610 10
1874 6840 10
1875 5540 10
1876 7070 10
1877 6564 10
1878 5199 10
1879 600 10
1880 5223 10
1881 102 10
1882 2714 10
1883 6429 10
1884 5309 10
1885 6642 10
1886 8532 10
1887 6248 10
1888 736 10
1889 6016 10
1890 6713 10
1891 7735 10
1892 6100 10
1893 56 10
1894 6478 10
1895 389 10
1896 6755 10
1897 7175 10
1898 652 10
1899 728 10
1900 7909 10
1901 2197 10
1902 141 10
1903 5520 10
1904 86 10
1905 8317 10
1906 6650 10
1907 6522 10
1908 478 10
1909 7602 10
1910 164 10
1911 85 10
1912 5671 10
1913 2299 10
1914 6652 10
1915 6054 10
1916 6220 10
1917 2484 10
1918 6067 10
1919 5888 10
1920 8626 10
1921 204 10
1922 665 10
1923 7075 10
1924 2380 10
1925 6643 10
1926 1000 10
1927 8753 10
1928 2544 10
1929 282 10
1930 6710 10
1931 5363 10
1932 389 10
1933 7266 10
1934 6103 10
1935 252 10
1936 9308 10
1937 5417 10
1938 6 10
1939 6615 10
1940 8507 10
1941 6284 10
1942 5203 10
1943 5738 10
1944 6306 10
1945 151 10
1946 551 10
1947 9767 10
1948 6106 10
1949 9393 10
1950 2288 10
1951 6030 10
1952 6332 10
1953 321 10
1954 7350 10
1955 8973 10
1956 600 10
1957 6229 10
1958 7459 10
1959 6574 10
1960 242 10
1961 8753 10
1962 6885 10
1963 6233 10
1964 511 10
1965 5712 10
1966 6764 10
1967 9072 10
1968 6027 10
1969 9333 10
1970 8012 10
1971 764 10
1972 986 10
1973 8426 10
1974 8850 10
1975 9139 10
1976 6641 10
1977 5685 10
1978 5294 10
1979 6240 10
1980 5635 10
1981 5412 10
1982 8660 10
1983 170 10
1984 7862 10
1985 8486 10
1986 6523 10
1987 167 10
1988 6509 10
1989 8536 10
1990 2313 10
1991 6918 10
1992 515 10
1993 5123 10
1994 5652 10
1995 2609 10
1996 6482 10
1997 7311 10
1998 8888 10
1999 8498 10
2000 6697 10
2001 6843 10
2002 6786 10
2003 6321 10
2004 19 10
2005 5669 10
2006 6401 10
2007 5323 10
2008 5666 10
2009 6304 10
2010 6599 10
2011 5644 10
2012 2265 10
2013 646 10
2014 5453 10
2015 2800 10
2016 5453 10
2017 8498 10
2018 6338 10
2019 6404 10
2020 648 10
2021 6571 10
2022 635 10
2023 6043 10
2024 57 10
2025 5548 10
2026 5775 10
2027 182 10
2028 9354 10
2029 5628 10
2030 271 10
2031 6251 10
2032 7115 10
2033 5746 10
2034 57 10
2035 5995 10
2036 6810 10
2037 557 10
2038 6601 10
2039 581 10
2040 2091 10
2041 6585 10
2042 7451 10
2043 128 10
2044 5558 10
2045 552 10
2046 6699 10
2047 6470 10
2048 2073 10
2049 200 10
2050 5869 10
2051 5208 10
2052 5570 10
2053 6090 10
2054 5714 10
2055 6024 10
2056 5670 10
2057 182 10
2058 8241 10
2059 5802 10
2060 5591 10
2061 204 10
2062 5731 10
2063 47 10
2064 639 10
2065 5826 10
2066 5787 10
2067 5368 10
2068 392 10
2069 6004 10
2070 6391 10
2071 5995 10
2072 5634 10
2073 6869 10
2074 7459 10
2075 6883 10
2076 5093 10
2077 6311 10
2078 5833 10
2079 5294 10
2080 93 10
2081 5967 10
2082 5932 10
2083 99 10
2084 8403 10
2085 6553 10
2086 8233 10
2087 5234 10
2088 8761 10
2089 5440 10
2090 6031 10
2091 8720 10
2092 6368 10
2093 6945 10
2094 6700 10
2095 6031 10
2096 6509 10
2097 6972 10
2098 929 10
2099 5416 10
2100 6001 10
2101 9273 10
2102 7862 10
2103 5957 10
2104 8397 10
2105 5634 10
2106 5670 10
2107 2647 10
2108 5937 10
2109 147 10
2110 7343 10
2111 6511 10
2112 7316 10
2113 7988 10
2114 6927 10
2115 141 10
2116 7450 10
2117 2309 10
2118 5755 10
2119 6629 10
2120 2151 10
2121 229 10
2122 2364 10
2123 6432 10
2124 216 10
2125 6202 10
2126 5822 10
2127 7921 10
2128 7788 10
2129 5487 10
2130 8007 10
2131 8143 10
2132 2398 10
2133 5610 10
2134 9726 10
2135 8315 10
2136 5012 10
2137 6752 10
2138 5671 10
2139 551 10
2140 321 10
2141 5260 10
2142 6325 10
2143 7833 10
2144 482 10
2145 5819 10
2146 18 10
2147 6717 10
2148 5845 10
2149 5423 10
2150 6169 10
2151 5844 10
2152 6683 10
2153 6357 10
2154 6111 10
2155 105 10
2156 2352 10
2157 8601 10
2158 8143 10
2159 5487 10
2160 5712 10
2161 309 10
2162 6579 10
2163 6650 10
2164 7971 10
2165 8310 10
2166 6417 10
2167 5285 10
2168 6249 10
2169 2283 10
2170 6299 10
2171 5716 10
2172 6511 10
2173 5610 10
2174 5203 10
2175 8669 10
2176 968 10
2177 764 10
2178 5686 10
2179 6715 10
2180 6660 10
2181 6429 10
2182 5228 10
2183 491 10
2184 6156 10
2185 2609 10
2186 5765 10
2187 255 10
2188 7343 10
2189 6290 10
2190 7865 10
2191 545 10
2192 6977 10
2193 2436 10
2194 9672 10
2195 6337 10
2196 9424 10
2197 6045 10
2198 9644 10
2199 553 10
2200 9296 10
2201 5124 10
2202 8720 10
2203 156 10
2204 6357 10
2205 5646 10
2206 8727 10
2207 5454 10
2208 2414 10
2209 6578 10
2210 100 10
2211 2484 10
2212 99 10
2213 9279 10
2214 6249 10
2215 545 10
2216 6735 10
2217 684 10
2218 6589 10
2219 6675 10
2220 6057 10
2221 7512 10
2222 5607 10
2223 6388 10
2224 9546 10
2225 8635 10
2226 5848 10
2227 6376 10
2228 6697 10
2229 6 10
2230 5548 10
2231 784 10
2232 581 10
2233 5556 10
2234 2481 10
2235 6583 10
2236 86 10
2237 6755 10
2238 5094 10
2239 5575 10
2240 5622 10
2241 599 10
2242 8383 10
2243 2646 10
2244 200 10
2245 6613 10
2246 8921 10
2247 5648 10
2248 5984 10
2249 5679 10
2250 2265 10
2251 8820 10
2252 9019 10
2253 22 10
2254 6720 10
2255 5599 10
2256 2244 10
2257 7983 10
2258 6436 10
2259 6945 10
2260 5989 10
2261 5864 10
2262 8773 10
2263 326 10
2264 511 10
2265 9577 10
2266 5521 10
2267 179 10
2268 2405 10
2269 6684 10
2270 5989 10
2271 5589 10
2272 5832 10
2273 6601 10
2274 7392 10
2275 5466 10
2276 6755 10
2277 6095 10
2278 7175 10
2279 5818 10
2280 5868 10
2281 5674 10
2282 6887 10
2283 6129 10
2284 6561 10
2285 5648 10
2286 56 10
2287 5654 10
2288 5285 10
2289 77 10
2290 8071 10
2291 5819 10
2292 5129 10
2293 145 10
2294 5543 10
2295 5586 10
2296 6660 10
2297 6570 10
2298 5437 10
2299 7890 10
2300 5340 10
2301 8440 10
2302 8463 10
2303 2344 10
2304 8138 10
2305 6883 10
2306 6742 10
2307 57 10
2308 6391 10
2309 7264 10
2310 5468 10
2311 6961 10
2312 7137 10
2313 6498 10
2314 7350 10
2315 6581 10
2316 19 10
2317 6701 10
2318 8241 10
2319 5826 10
2320 5662 10
2321 5452 10
2322 6401 10
2323 2287 10
2324 6357 10
2325 6163 10
2326 6175 10
2327 6090 10
2328 9644 10
2329 5977 10
2330 6840 10
2331 6323 10
2332 7986 10
2333 6111 10
2334 9037 10
2335 6163 10
2336 248 10
2337 553 10
2338 7266 10
2339 7005 10
2340 2358 10
2341 6332 10
2342 2099 10
2343 349 10
2344 5931 10
2345 8007 10
2346 6065 10
2347 9107 10
2348 6793 10
2349 9330 10
2350 5453 10
2351 504 10
2352 6909 10
2353 6457 10
2354 5792 10
2355 968 10
2356 7945 10
2357 6187 10
2358 6355 10
2359 5454 10
2360 5902 10
2361 5746 10
2362 6635 10
2363 7003 10
2364 7609 10
2365 2283 10
2366 5203 10
2367 8832 10
2368 5234 10
2369 5806 10
2370 8315 10
2371 5491 10
2372 8985 10
2373 9190 10
2374 5448 10
2375 2091 10
2376 6390 10
2377 9107 10
2378 28 10
2379 7890 10
2380 2734 10
2381 5506 10
2382 5966 10
2383 36 10
2384 7084 10
2385 6368 10
2386 9642 10
2387 8271 10
2388 5576 10
2389 7160 10
2390 7986 10
2391 776 10
2392 6494 10
2393 8405 10
2394 809 10
2395 6235 10
2396 6388 10
2397 39 10
2398 6641 10
2399 7087 10
2400 6584 10
2401 7013 10
2402 7988 10
2403 138 10
2404 6248 10
2405 5881 10
2406 8635 10
2407 2646 10
2408 5769 10
2409 7175 10
2410 5550 10
2411 5756 10
2412 7686 10
2413 6662 10
2414 7392 10
2415 5898 10
2416 6179 10
2417 7149 10
2418 6970 10
2419 7352 10
2420 6212 10
2421 5650 10
2422 6224 10
2423 5120 10
2424 6756 10
2425 5412 10
2426 5854 10
2427 200 10
2428 6243 10
2429 2220 10
2430 6524 10
2431 7591 10
2432 6523 10
2433 6570 10
2434 5694 10
2435 5931 10
2436 5348 10
2437 5368 10
2438 8023 10
2439 7227 10
2440 5513 10
2441 2124 10
2442 25 10
2443 5548 10
2444 5549 10
2445 6811 10
2446 2313 10
2447 6717 10
2448 8616 10
2449 389 10
2450 5991 10
2451 6129 10
2452 5543 10
2453 5719 10
2454 28 10
2455 6826 10
2456 5813 10
2457 7833 10
2458 8498 10
2459 122 10
2460 9236 10
2461 6870 10
2462 5591 10
2463 5810 10
2464 326 10
2465 7236 10
2466 5072 10
2467 8629 10
2468 5493 10
2469 147 10
2470 8601 10
2471 6156 10
2472 2344 10
2473 6082 10
2474 8303 10
2475 2646 10
2476 9019 10
2477 8850 10
2478 723 10
2479 6713 10
2480 2405 10
2481 8601 10
2482 6131 10
2483 968 10
2484 9313 10
2485 5840 10
2486 5309 10
2487 5651 10
2488 7160 10
2489 9056 10
2490 2439 10
2491 5781 10
2492 7024 10
2493 6581 10
2494 8490 10
2495 5621 10
2496 665 10
2497 216 10
2498 8544 10
2499 136 10
2500 412 10
2501 8426 10
2502 313 10
2503 5674 10
2504 6553 10
2505 701 10
2506 2633 10
2507 163 10
2508 6075 10
2509 38 10
2510 5294 10
2511 6583 10
2512 8773 10
2513 7609 10
2514 6189 10
2515 9142 10
2516 7240 10
2517 9010 10
2518 415 10
2519 5417 10
2520 5473 10
2521 5813 10
2522 6404 10
2523 6376 10
2524 162 10
2525 6311 10
2526 9471 10
2527 6372 10
2528 8549 10
2529 545 10
2530 6251 10
2531 105 10
2532 8921 10
2533 5575 10
2534 8535 10
2535 5937 10
2536 2810 10
2537 6267 10
2538 8066 10
2539 5832 10
2540 7137 10
2541 5556 10
2542 5515 10
2543 6413 10
2544 6800 10
2545 7451 10
2546 7919 10
2547 6787 10
2548 5329 10
2549 5558 10
2550 8669 10
2551 8393 10
2552 9313 10
2553 6045 10
2554 2547 10
2555 7292 10
2556 5433 10
2557 5715 10
2558 6299 10
2559 5957 10
2560 6404 10
2561 8615 10
2562 2436 10
2563 6212 10
2564 6846 10
2565 6712 10
2566 5623 10
2567 6327 10
2568 8536 10
2569 7005 10
2570 6320 10
2571 7003 10
2572 9332 10
2573 2547 10
2574 6618 10
2575 5556 10
2576 7896 10
2577 6578 10
2578 5493 10
2579 2943 10
2580 749 10
2581 5806 10
2582 5967 10
2583 7236 10
2584 6578 10
2585 5559 10
2586 5787 10
2587 6817 10
2588 5285 10
2589 5822 10
2590 6135 10
2591 6859 10
2592 20 10
2593 2276 10
2594 5685 10
2595 6715 10
2596 6257 10
2597 6664 10
2598 6723 10
2599 2265 10
2600 8535 10
2601 145 10
2602 5001 10
2603 6202 10
2604 5539 10
2605 5680 10
2606 6686 10
2607 2372 10
2608 809 10
2609 2776 10
2610 5634 10
2611 2427 10
2612 665 10
2613 2452 10
2614 6893 10
2615 7711 10
2616 7104 10
2617 5679 10
2618 5431 10
2619 8381 10
2620 6713 10
2621 9424 10
2622 5468 10
2623 948 10
2624 6135 10
2625 89 10
2626 6278 10
2627 5012 10
2628 7633 10
2629 5995 10
2630 32 10
2631 6947 10
2632 2151 10
2633 8773 10
2634 684 10
2635 7945 10
2636 6240 10
2637 5482 10
2638 5599 10
2639 2073 10
2640 8383 10
2641 5260 10
2642 6683 10
2643 7945 10
2644 5323 10
2645 770 10
2646 2858 10
2647 8192 10
2648 2757 10
2649 5558 10
2650 6781 10
2651 7075 10
2652 6664 10
2653 6606 10
2654 7921 10
2655 5716 10
2656 109 10
2657 5667 10
2658 8753 10
2659 2544 10
2660 412 10
2661 5505 10
2662 255 10
2663 5840 10
2664 5799 10
2665 5781 10
2666 8316 10
2667 5123 10
2668 6870 10
2669 2352 10
2670 5806 10
2671 6717 10
2672 2358 10
2673 2069 10
2674 2625 10
2675 5712 10
2676 392 10
2677 376 10
2678 1000 10
2679 6826 10
2680 5520 10
2681 749 10
2682 2451 10
2683 6467 10
2684 6169 10
2685 515 10
2686 9613 10
2687 2069 10
2688 8259 10
2689 6295 10
2690 6414 10
2691 6787 10
2692 8850 10
2693 5138 10
2694 5437 10
2695 5199 10
2696 8396 10
2697 6030 10
2698 5151 10
2699 5741 10
2700 8421 10
2701 5844 10
2702 6495 10
2703 8149 10
2704 9072 10
2705 5870 10
2706 6961 10
2707 5666 10
2708 6642 10
2709 8325 10
2710 1984 10
2711 6417 10
2712 6179 10
2713 6327 10
2714 2427 10
2715 5746 10
2716 6257 10
2717 247 10
2718 5072 10
2719 6293 10
2720 6100 10
2721 6457 10
2722 5656 10
2723 7735 10
2724 7060 10
2725 8260 10
2726 5902 10
2727 8403 10
2728 6456 10
2729 9279 10
2730 9190 10
2731 2276 10
2732 2457 10
2733 8329 10
2734 2125 10
2735 2398 10
2736 28 10
2737 809 10
2738 6470 10
2739 6786 10
2740 8451 10
2741 6800 10
2742 6209 10
2743 440 10
2744 5570 10
2745 9364 10
2746 8189 10
2747 6098 10
2748 9635 10
2749 635 10
2750 6175 10
2751 7292 10
2752 6299 10
2753 278 10
2754 8298 10
2755 8616 10
2756 5260 10
2757 271 10
2758 6267 10
2759 9465 10
2760 5416 10
2761 7983 10
2762 7337 10
2763 6670 10
2764 6900 10
2765 2380 10
2766 7115 10
2767 6082 10
2768 5596 10
2769 5595 10
2770 5044 10
2771 9670 10
2772 5521 10
2773 2738 10
2774 6103 10
2775 2451 10
2776 263 10
2777 6446 10
2778 263 10
2779 5674 10
2780 6742 10
2781 5973 10
2782 6377 10
2783 6295 10
2784 449 10
2785 8629 10
2786 8030 10
2787 8427 10
2788 9150 10
2789 271 10
2790 7343 10
2791 6368 10
2792 12 10
2793 326 10
2794 5201 10
2795 5856 10
2796 7003 10
2797 9411 10
2798 7599 10
2799 5833 10
2800 348 10
2801 9107 10
2802 5311 10
2803 5669 10
2804 2547 10
2805 7919 10
2806 8866 10
2807 8129 10
2808 7247 10
2809 9670 10
2810 6478 10
2811 7052 10
2812 58 10
2813 6561 10
2814 6579 10
2815 5448 10
2816 5792 10
2817 6645 10
2818 5798 10
2819 5540 10
2820 2474 10
2821 6629 10
2822 6055 10
2823 9599 10
2824 6180 10
2825 1109 10
2826 313 10
2827 5741 10
2828 6843 10
2829 24 10
2830 8889 10
2831 6949 10
2832 8587 10
2833 6599 10
2834 5145 10
2835 184 10
2836 6055 10
2837 7123 10
2838 5625 10
2839 6189 10
2840 8440 10
2841 8622 10
2842 8757 10
2843 6727 10
2844 4994 10
2845 6784 10
2846 8998 10
2847 8463 10
2848 2260 10
2849 9010 10
2850 6004 10
2851 6534 10
2852 8396 10
2853 6432 10
2854 5549 10
2855 39 10
2856 6144 10
2857 432 10
2858 6094 10
2859 2757 10
2860 557 10
2861 5884 10
2862 6697 10
2863 6482 10
2864 4974 10
2865 6407 10
2866 7084 10
2867 22 10
2868 46 10
2869 6318 10
2870 8427 10
2871 6640 10
2872 5431 10
2873 8440 10
2874 7512 10
2875 2540 10
2876 6330 10
2877 2810 10
2878 5881 10
2879 9053 10
2880 141 10
2881 8 10
2882 6560 10
2883 6103 10
2884 2084 10
2885 6597 10
2886 9790 10
2887 6129 10
2888 6 10
2889 9635 10
2890 2611 10
2891 8260 10
2892 105 10
2893 439 10
2894 5868 10
2895 2405 10
2896 6558 10
2897 6414 10
2898 6406 10
2899 2457 10
2900 823 10
2901 5642 10
2902 8283 10
2903 8122 10
2904 7059 10
2905 2134 10
2906 376 10
2907 5787 10
2908 2073 10
2909 6166 10
2910 6332 10
2911 764 10
2912 6198 10
2913 6005 10
2914 6781 10
2915 6583 10
2916 5992 10
2917 5506 10
2918 2684 10
2919 6248 10
2920 6215 10
2921 5884 10
2922 9236 10
2923 98 10
2924 5901 10
2925 823 10
2926 8393 10
2927 5367 10
2928 6810 10
2929 5738 10
2930 5596 10
2931 84 10
2932 6406 10
2933 6303 10
2934 2699 10
2935 8738 10
2936 6243 10
2937 8959 10
2938 6305 10
2939 7123 10
2940 9411 10
2941 5881 10
2942 6727 10
2943 599 10
2944 6972 10
2945 6651 10
2946 5505 10
2947 6716 10
2948 6606 10
2949 58 10
2950 5591 10
2951 6764 10
2952 8959 10
2953 8541 10
2954 5487 10
2955 25 10
2956 2451 10
2957 6587 10
2958 8167 10
2959 8535 10
2960 646 10
2961 6883 10
2962 7125 10
2963 6567 10
2964 5883 10
2965 639 10
2966 73 10
2967 2542 10
2968 7635 10
2969 6166 10
2970 5799 10
2971 8020 10
2972 5714 10
2973 2220 10
2974 8149 10
2975 5309 10
2976 8310 10
2977 7358 10
2978 9142 10
2979 6784 10
2980 5152 10
2981 6701 10
2982 38 10
2983 5416 10
2984 1984 10
2985 8515 10
2986 2226 10
2987 6016 10
2988 7291 10
2989 6712 10
2990 9441 10
2991 6183 10
2992 5179 10
2993 8327 10
2994 6126 10
2995 6304 10
2996 7240 10
2997 5379 10
2998 136 10
2999 653 10
3000 9055 10
