100
1 278 50 293 47
2 804 46 824 34 860 50 805 10
3 489 40 307 30 257 50 339 14
4 733 50 728 11
5 8 50 17 32
6 650 40 655 50 653 50 667 50 672 50 657 50 643 50 640 15
7 753 8
8 738 50 685 50 698 50 715 50 625 50 649 50 725 50 607 40 695 50 720 50 747 48
9 706 50 708 50 699 50 709 27
10 992 5
11 728 7
12 633 50 635 29
13 588 40 586 50 594 50 578 50 580 14
14 981 23
15 796 50 804 4
16 697 50 693 26
17 322 40 244 50 282 50 305 50 292 50 297 28
18 674 50 693 24 679 50 688 50 666 50 682 7
19 682 43 709 23 703 50 661 50 676 50 673 50 681 50 652 50 705 50 670 1
20 825 50 816 50 824 16
21 635 10
22 747 2 753 8
23 713 10
24 707 10
25 712 10
26 623 10
27 588 10
28 307 10
29 680 10
30 711 10
31 707 10
32 694 10
33 63 10
34 711 10
35 555 10
36 621 10
37 700 10
38 690 10
39 713 10
40 307 10
41 621 10
42 640 10
43 63 10
44 297 10
45 650 10
46 721 10
47 607 10
48 55 10
49 621 10
50 506 10
51 322 10
52 489 10
53 670 10
54 89 10
55 694 10
56 728 10
57 690 10
58 690 10
59 63 10
60 680 10
61 3 10
62 297 10
63 721 10
64 670 10
65 17 10
66 700 10
67 623 10
68 711 10
69 694 10
70 248 10
71 339 10
72 17 8 12 2
73 89 10
74 664 10
75 55 10
76 722 10
77 248 10
78 664 10
79 713 10
80 721 10
81 664 10
82 103 10
83 531 10
84 680 10
85 34 10
86 700 10
87 531 10
88 707 10
89 506 10
90 722 10
91 640 10
92 293 3 248 7
93 635 10
94 712 10
95 712 10
96 623 10
97 506 10
98 722 10
99 753 10
100 14 10
