RPRPRPRPRSRSRSPSPSRRRRRRRRRRRRPS
RPRPRPRPRPRSRRRRRRRRRRRRRRRRPPPP
RPRPRPRPRSRSRSPSRRRRRRRRRRRRRPPS
RPRPRPRPRPRPRPRSRRRRRRRRRRPPPPPP
RPRPRPRPRPRPRPRSPSRRRRRPPPPPPPPP
RPRPRPRPRPRSRRRRRRRRRRRRRRRRPPPP
RPRPRPRPRPRPRSRSRSPSPSPSRRPPSSSS
RPRSPSPSPSPSPSPSPPPPPPPPPPSSSSSS
RPRSPSPSPSPSPSPSPSPPPPPPPPSSSSSS
RPRPRPRSRSPSPSRPPSSSSSSSSSSSSSSS
RPRPRPRPRPRSRSRSPSRRRRRRRRRPPPPS
RPRPRPRPRPRPRPRSRSRSPSRRRPPPPPPS
RPRSPSPSPSPPSSSSSSSSSSSSSSSSSSSS
RPRPRPRPRPRPRSRSRSPSRRRRRRRPPPPS
RPRPRPRPRSRSRSPSRRRRRRRRRRRRRPPS
RPRPRPRSPSPSPSPSPSRPPPPPSSSSSSSS
RPRPRSPSPSPSPPPSSSSSSSSSSSSSSSSS
RPRPRSRSRSRSRSPSRRRRRPSSSSSSSSSS
RPRPRPRSPSRPPPPPPPPPPPPPPPPPPPPS
RPPSPSPSPSPSPPPPPPPPPPPPPPPPSSSS
RPRPRPRPRPRSPSRRRRRRRRRRRRRRRPPP
RPRPRPRPRPRSRSRSPSRRRRRRRRRRPPPS
RPRPRSRSPSRPSSSSSSSSSSSSSSSSSSSS
RPRPRPRSRSRSPSPSRRPSSSSSSSSSSSSS
RPPSPSPPPPPPPPPPPPPPPPPPPPPPPPPS
RPRPRPRPRPRPRSRSRSRSPSPSRRRRPPPS
RPRPRPRPRSRSRSPSPSRRRPPSSSSSSSSS
RPRPRSPSPSPSPSPPPPSSSSSSSSSSSSSS
RPRPRPRPRSRSRSPSRRRRRRRRRRRRPPPS
RPRPRPRPRPRPRSRSRSPSPSPSRRPPPPSS
RPRPRPRPRPRPRPRSRSPSRRRRPPPPPPPP
RPRPRPRSRSPSRPSSSSSSSSSSSSSSSSSS
RPRPRPRPRPRPRSRSPSRRRRRRRRRPPPPS
RPRPRSPSPSPSPSPSRPPPPPPPPPPPSSSS
RPRPRPRPRPRPRSRRRRRRRRRRRRPPPPPP
RPRPRPRPRSRSPSPSRRPPPPPPPPPPPPPS
RPRPRPRPRPRPRSRSPSRRRRRRRRRPPPPP
RPRPRPRPRSRSRSRSRSPSPSRRRRRPSSSS
RPRPRPRPRPRPRSRSRSPSPSRRRRRRPPPS
RPRPRPRPRPRPRSPSRRRRRRRRRRRRPPPP
RPRPRPRPRPRPRSRSRSPSPSPSRRPPPPSS
RPRPRPRPRSRSPSPSRPPSSSSSSSSSSSSS
RPRSPSPSPSPSPSPSPPPPPPPPPPSSSSSS
RPRPRPRPRSRSRSRSRSPSPSRRRRRRPSSS
RPRPRPRPRPRSRSRSRSRSPSPSRRRRPPSS
RPRPRPRSPSPSPSRPPPSSSSSSSSSSSSSS
RPRPRSRSRSPSRRRPSSSSSSSSSSSSSSSS
RPRPRPRPRSRSRSRSRSPSPSRRRRRRPPSS
RPRPRPRPRPRPRPRPRSPSRRRRRRPPPPPP
RPRPRSRSRSRSRSPSRRRRRPSSSSSSSSSS
