RPRPRPRSRSRSPSRRPSSSSSSSSSSSSSSS
RPRPRPRPRSRSPSRRRRRRRRRRRRRRRPPP
RPRPRPRPRPRPRPRPRSRRRRRRPPPPPPPP
RPRPRPRPRSRSRSRSRSPSPSRRRRPPSSSS
RPRPRPRPRSRSPSRRPPPPPPPPPPPPPPPP
RPRSPSPSPSPSPPPPSSSSSSSSSSSSSSSS
RPRPRPRPRSRSPSRRRRRRRRRRRRRRRPPP
RPRPRPRPRSRSRSRSPSPSRRRRRRRRRRPS
RPRPRPRSRSPSPSPSPSPSRPPPPSSSSSSS
RPRPRPRPRSRSRSRSRSPSPSRRRRRRPPSS
RPRPRSPSPPPPPPPPPPPPPPPPPPPPPPPP
RPRPRPRPRSRSPSRRRRRRRRRRRRRRRPPP
RPRPRSRSRSPSRRRPSSSSSSSSSSSSSSSS
RPRPRPRSRSRSRSRSPSPSRRRRRPSSSSSS
RPRPRPRPRPRSRSPSRRRRRRRRRRRRRPPP
RPRPRPRPRPRPRPRPRSPSRRRRRRPPPPPP
RPRPRSRSRSRSRSPSRRRRPSSSSSSSSSSS
RPRPRSPSPSPSPPPPPPPPPPPPPPPPPPSS
RPRPRPRPRPRPRPRPRSRRRRRRPPPPPPPP
RPRPRPRPRPRSRRRRRRRRRRRRRRRRPPPP
RPRPRPRSRSPSPSRPPSSSSSSSSSSSSSSS
RPRPRPRSPSPSPSPSRPPPPPPPPPPPPSSS
RPPSPSPSPSPPPPSSSSSSSSSSSSSSSSSS
RPRPRPRPRPRSRSPSRRRRRRRRRRRPPPPS
RPRPRPRPRSRSRSRSRSPSPSRRRRRRPSSS
RPRPRPRSPSPSRPSSSSSSSSSSSSSSSSSS
RPRPRPRPRSRSRSRSRSPSPSRRRRRPPSSS
RPRPRPRSPSPSPSPSPSRPPPPSSSSSSSSS
RPRPRPRPRPRSRSRSRSPSPSRRRRPPSSSS
RPRPRPRPRPRSPSRRRRRRRRRRRRRRPPPP
RPRPRPRSRSPSPSPSRPPPSSSSSSSSSSSS
RPRPRSPSPSPSPSRPPPPPPPPPPPPPSSSS
RPRPRSPSPSPSPPSSSSSSSSSSSSSSSSSS
RPRPRPRPRPRPRSRSPSRRRRRRRRRPPPPP
RPRPRPRPRSRSPSPSRPPSSSSSSSSSSSSS
RPRPRSPSPPPPPPPPPPPPPPPPPPPPPPPS
RPRPRPRSPSPSPSPSRPPPPPPPPPPPPSSS
RPRPRPRPRSRRRPPPPPPPPPPPPPPPPPPP
RPRPRPRPRPRSRSRSRSPSPSRRRRRRRPPS
RPRPRSPSPSPPPPPPPPPPPPPPPPPPPPPS
RPRPRPRPRPRSRSRSRSPSPSRRRRPPSSSS
RPRPRPRPRPRSRSPSRRRRRRRRRRRRPPPP
RPRPRPRPRPRPRSRSRSPSPSRRPPPPPPSS
RPRSPSPSPSPSPSPSPPPPPPPPPPPSSSSS
RPPSPSPSPSPPPSSSSSSSSSSSSSSSSSSS
RPRPRPRPRPRPRSRSRSPSPSPSRRRPPSSS
RPPSPSPSPSPPPPPPPPPPPPPPPPPPPSSS
RPRPRPRSRSPSRPPPPPPPPPPPPPPPPPPS
RPRPRPRPRPRSRSPSRRRRRRRRRRRRPPPS
RPRSPSPSPSPPPPPPPPPPPPPPPPPPPPSS
