500
0 5906 5976
1 8777 381
2 5906 1796
3 8777 255
4 8777 1360
5 5906 2682
6 8777 364
7 8777 401
8 5906 7627
9 8777 2579
10 5906 14
11 9151 174
12 5906 3785
13 8777 1144
14 5906 440
15 8777 397
16 8777 128
17 5906 2701
18 5906 4133
19 5906 1081
20 8737 18
21 2556 1255
22 5906 5042
23 8777 405
24 9094 415
25 5906 2780
26 5906 617
27 5906 275
28 5986 2499
29 8777 1296
30 5906 2289
31 5906 7353
32 8777 1400
33 5906 935
34 5906 3559
35 8995 88
36 8777 254
37 7526 511
38 9387 336
39 5906 3282
40 5906 6083
41 5906 776
42 8777 1078
43 5906 4065
44 39 125
45 8777 582
46 5906 3171
47 8777 338
48 5906 5181
49 5906 1355
50 8777 1126
51 5906 1286
52 8777 357
53 8777 892
54 8707 328
55 7526 459
56 5906 2332
57 8777 50
58 5906 4017
59 5906 1969
60 5906 1081
61 2221 2139
62 5906 90
63 5906 3687
64 8777 1154
65 5906 421
66 9151 388
67 9094 232
68 5906 103
69 2221 3934
70 8777 171
71 8777 1673
72 5906 968
73 426 105
74 9509 92
75 8479 1604
76 5906 2227
77 5811 232
78 5906 4675
79 5906 1095
80 5906 4581
81 9638 81
82 8777 1228
83 5906 4270
84 8777 1964
85 5906 590
86 5906 2316
87 5906 2579
88 8777 712
89 9387 9
90 2221 2155
91 5906 1435
92 9638 223
93 5906 755
94 9220 31
95 9094 293
96 5906 4727
97 39 8
98 5906 2310
99 9094 484
100 2221 10
101 5906 10
102 5906 10
103 2221 10
104 5721 10
105 5906 10
106 5906 10
107 5906 10
108 5906 10
109 5906 10
110 5906 10
111 2221 10
112 5906 10
113 2221 10
114 2221 10
115 5906 10
116 2221 10
117 5906 10
118 5906 10
119 5906 10
120 5906 10
121 2221 10
122 5906 10
123 5199 10
124 5906 10
125 5906 10
126 5906 10
127 2221 10
128 5906 10
129 5351 10
130 122 10
131 5906 10
132 5906 10
133 5906 10
134 5906 10
135 2221 10
136 5906 10
137 5351 10
138 5906 10
139 5906 10
140 5906 10
141 5351 10
142 5906 10
143 5906 10
144 2221 10
145 5906 10
146 2221 10
147 5521 10
148 5906 10
149 2221 10
150 5906 10
151 2221 10
152 2221 10
153 5906 10
154 5906 10
155 2221 10
156 5906 10
157 2221 10
158 5906 10
159 5721 10
160 5906 10
161 2221 10
162 5906 10
163 5906 10
164 5906 10
165 2221 10
166 216 10
167 2221 10
168 5906 10
169 5906 10
170 2221 10
171 5906 10
172 5906 10
173 216 10
174 2221 10
175 58 10
176 2221 10
177 5906 10
178 482 10
179 5672 10
180 5906 10
181 2221 10
182 5906 10
183 5885 10
184 2221 10
185 5906 10
186 5906 10
187 5351 10
188 5906 10
189 5906 10
190 5906 10
191 216 10
192 5906 10
193 5906 10
194 5906 10
195 5906 10
196 5906 10
197 5906 10
198 5351 10
199 5906 10
200 5906 10
201 5906 10
202 5906 10
203 2221 10
204 5906 10
205 5906 10
206 5906 10
207 5906 10
208 5311 10
209 2221 10
210 2221 10
211 2221 10
212 2221 10
213 5906 10
214 5906 10
215 5906 10
216 5906 10
217 5351 10
218 5906 10
219 5906 10
220 5906 10
221 5906 10
222 5906 10
223 5811 10
224 2556 10
225 5351 10
226 2221 10
227 5906 10
228 5906 10
229 2221 10
230 5906 10
231 5906 10
232 5906 10
233 5906 10
234 5906 10
235 5906 10
236 5906 10
237 5811 10
238 5906 10
239 5906 10
240 2221 10
241 5906 10
242 5906 10
243 5630 10
244 5906 10
245 5906 10
246 5906 10
247 2221 10
248 5223 10
249 5906 10
250 5906 10
251 5906 10
252 5906 10
253 2221 10
254 5906 10
255 5906 10
256 5906 10
257 20 10
258 5906 10
259 2221 10
260 5203 10
261 5506 10
262 5906 10
263 5906 10
264 5906 10
265 2221 10
266 5906 10
267 5906 10
268 5906 10
269 5906 10
270 5906 10
271 2221 10
272 5906 10
273 5906 10
274 2221 10
275 5906 10
276 415 10
277 156 10
278 5906 10
279 5906 10
280 2221 10
281 5906 10
282 5906 10
283 5906 10
284 5553 10
285 5223 10
286 5906 10
287 5906 10
288 5906 10
289 5721 10
290 2221 10
291 2221 10
292 5906 10
293 5906 10
294 5906 10
295 5906 10
296 5906 10
297 5630 10
298 2221 10
299 5906 10
300 5906 10
301 5906 10
302 5906 10
303 5906 10
304 5906 10
305 5906 10
306 482 10
307 5835 10
308 2221 10
309 5906 10
310 5906 10
311 5906 10
312 5906 10
313 5906 10
314 2221 10
315 5906 10
316 5906 10
317 5906 10
318 5906 10
319 5906 10
320 5835 10
321 5906 10
322 2221 10
323 5906 10
324 5906 10
325 5351 10
326 415 10
327 5906 10
328 2221 10
329 5521 10
330 2221 10
331 5351 10
332 5906 10
333 5906 10
334 2221 10
335 5906 10
336 5906 10
337 5906 10
338 5906 10
339 2221 10
340 122 10
341 5906 10
342 5906 10
343 5906 10
344 5906 10
345 2221 10
346 2221 10
347 5906 10
348 5906 10
349 5906 10
350 5276 10
351 5906 10
352 216 10
353 2221 10
354 5906 10
355 5906 10
356 5906 10
357 5906 10
358 2221 10
359 2221 10
360 5906 10
361 5906 10
362 5906 10
363 5906 10
364 5906 10
365 5906 10
366 2221 10
367 156 10
368 5906 10
369 5906 10
370 2221 10
371 2221 10
372 2221 10
373 5906 10
374 2221 10
375 5553 10
376 5906 10
377 482 10
378 5906 10
379 5906 10
380 5492 10
381 2221 10
382 2221 10
383 5906 10
384 5906 10
385 58 10
386 5906 10
387 2221 10
388 5906 10
389 5906 10
390 2221 10
391 5906 10
392 5906 10
393 216 10
394 5906 10
395 415 10
396 5835 10
397 5811 10
398 5906 10
399 5906 10
400 2221 10
401 5906 10
402 5906 10
403 2221 10
404 5351 10
405 5906 10
406 5906 10
407 5906 10
408 5223 10
409 5906 10
410 5906 10
411 5906 10
412 5906 10
413 5340 10
414 5906 10
415 5906 10
416 2221 10
417 5906 10
418 5672 10
419 5906 10
420 2221 10
421 5906 10
422 482 10
423 5906 10
424 2221 10
425 5906 10
426 5906 10
427 282 10
428 5906 10
429 5906 10
430 482 10
431 5906 10
432 5906 10
433 5906 10
434 482 10
435 5906 10
436 282 10
437 5906 10
438 32 10
439 5906 10
440 5906 10
441 5906 10
442 5351 10
443 482 10
444 5906 10
445 5906 10
446 5906 10
447 20 10
448 5906 10
449 2556 10
450 5906 10
451 5906 10
452 2556 10
453 5906 10
454 5906 10
455 5351 10
456 2221 10
457 5906 10
458 5906 10
459 2221 10
460 5203 10
461 5906 10
462 5906 10
463 5906 10
464 5906 10
465 5906 10
466 5906 10
467 2221 10
468 2221 10
469 5906 10
470 5906 10
471 156 10
472 5906 10
473 415 10
474 5906 10
475 5906 10
476 58 10
477 5906 10
478 5906 10
479 122 10
480 5906 10
481 216 10
482 5906 10
483 5906 10
484 5906 10
485 282 10
486 5906 10
487 5906 10
488 5835 10
489 2221 10
490 5906 10
491 5906 10
492 2221 10
493 5906 10
494 5906 10
495 5906 10
496 5906 10
497 2221 10
498 2221 10
499 5906 10