100
0 278 97
1 796 140
2 278 134
3 733 61
4 8 82
5 674 355
6 753 8
7 697 538
8 706 177
9 992 5
10 697 7
11 633 79
12 588 204
13 981 23
14 796 54
15 697 76
16 278 268
17 697 231
18 697 417
19 825 116
20 633 10
21 697 10
22 697 10
23 697 10
24 697 10
25 666 10
26 588 10
27 278 10
28 697 10
29 697 10
30 697 10
31 697 10
32 278 10
33 697 10
34 278 10
35 697 10
36 697 10
37 697 10
38 697 10
39 278 10
40 621 10
41 697 10
42 278 10
43 278 10
44 633 10
45 697 10
46 607 10
47 55 10
48 621 10
49 278 10
50 278 10
51 278 10
52 697 10
53 278 10
54 697 10
55 697 10
56 697 10
57 697 10
58 278 10
59 697 10
60 3 10
61 278 10
62 697 10
63 697 10
64 17 10
65 697 10
66 633 10
67 697 10
68 674 10
69 278 10
70 278 10
71 8 10
72 278 10
73 697 10
74 55 10
75 697 10
76 278 10
77 697 10
78 697 10
79 697 10
80 697 10
81 278 10
82 278 10
83 697 10
84 34 10
85 697 10
86 278 10
87 697 10
88 278 10
89 697 10
90 697 10
91 278 10
92 633 10
93 697 10
94 697 10
95 633 10
96 278 10
97 697 10
98 697 10
99 17 10