200
0 5954 4967
1 9028 217
2 8284 89
3 5545 238
4 9028 677
5 5954 341
6 9141 300
7 5954 483
8 9186 188
9 5954 1161
10 5954 5180
11 5954 6154
12 5954 5145
13 5806 91
14 5954 1454
15 5954 4762
16 5954 4082
17 5954 2522
18 5954 6825
19 9141 35
20 9141 598
21 5954 2941
22 5954 2748
23 69 85
24 9028 479
25 5954 615
26 9028 761
27 5954 2094
28 5954 3176
29 9028 132
30 2699 487
31 6012 586
32 9028 195
33 5954 2839
34 5913 111
35 9028 497
36 9375 69
37 8284 57
38 5954 2714
39 9028 1160
40 5954 10
41 5167 10
42 5568 10
43 5588 10
44 2699 10
45 5954 10
46 2699 10
47 5954 10
48 5954 10
49 5954 10
50 548 10
51 5520 10
52 53 10
53 2699 10
54 2699 10
55 2699 10
56 5954 10
57 2699 10
58 2699 10
59 5954 10
60 5954 10
61 5954 10
62 2699 10
63 5167 10
64 5954 10
65 2699 10
66 5954 10
67 5849 10
68 5954 10
69 5954 10
70 2699 10
71 2699 10
72 5954 10
73 5954 10
74 132 10
75 71 10
76 5954 10
77 5954 10
78 5954 10
79 5954 10
80 2699 10
81 53 10
82 5954 10
83 5568 10
84 5954 10
85 5954 10
86 5954 10
87 5954 10
88 5954 10
89 5954 10
90 5954 10
91 5954 10
92 5954 10
93 5954 10
94 5954 10
95 5954 10
96 5954 10
97 5954 10
98 346 10
99 630 10
100 5954 10
101 5428 10
102 5954 10
103 5954 10
104 5954 10
105 5699 10
106 5588 10
107 5954 10
108 2699 10
109 5954 10
110 5954 10
111 5304 10
112 5954 10
113 5954 10
114 630 10
115 71 10
116 5954 10
117 53 10
118 5954 10
119 5954 10
120 2699 10
121 5849 10
122 5304 10
123 630 10
124 54 10
125 5954 10
126 2699 10
127 346 10
128 5954 10
129 5954 10
130 5806 10
131 5954 10
132 5954 10
133 630 10
134 5167 10
135 5954 10
136 5954 10
137 5954 10
138 5954 10
139 5954 10
140 5954 10
141 5954 10
142 5954 10
143 5137 10
144 84 10
145 5520 10
146 5329 10
147 2699 10
148 5954 10
149 5954 10
150 5954 10
151 5954 10
152 5954 10
153 5954 10
154 5954 10
155 5954 10
156 5954 10
157 5954 10
158 5954 10
159 346 10
160 107 10
161 5954 10
162 5954 10
163 2699 10
164 2699 10
165 5954 10
166 5954 10
167 5520 10
168 5954 10
169 2699 10
170 5954 10
171 5329 10
172 2699 10
173 5954 10
174 5954 10
175 5954 10
176 5954 10
177 5849 10
178 5954 10
179 5954 10
180 5954 10
181 5954 10
182 2699 10
183 5849 10
184 5954 10
185 5954 10
186 5304 10
187 5954 10
188 5428 10
189 5954 10
190 5954 10
191 5954 10
192 5954 10
193 5954 10
194 5588 10
195 5954 10
196 5954 10
197 5954 10
198 5954 10
199 5954 10